"../../../Engine/Content/EditorResources/S_Actor.ubulk" 0
"../../../Engine/Content/EditorResources/S_Actor.uasset" 1
"../../../Engine/Content/EditorResources/S_Actor.uexp" 2
"../../../Engine/Content/EditorResources/S_BoxReflectionCapture.uasset" 3
"../../../Engine/Content/EditorResources/S_BoxReflectionCapture.uexp" 4
"../../../Engine/Content/EngineResources/DefaultTexture.ubulk" 5
"../../../Engine/Content/EngineResources/DefaultTexture.uasset" 6
"../../../Engine/Content/EngineResources/DefaultTexture.uexp" 7
"../../../Engine/Content/EngineResources/DefaultTextureCube.uasset" 8
"../../../Engine/Content/EngineResources/DefaultTextureCube.uexp" 9
"../../../Engine/Content/EngineResources/DefaultVolumeTexture2D.uasset" 10
"../../../Engine/Content/EngineResources/DefaultVolumeTexture2D.uexp" 11
"../../../Engine/Content/EngineResources/DefaultVolumeTexture.uasset" 12
"../../../Engine/Content/EngineResources/DefaultVolumeTexture.uexp" 13
"../../../Engine/Content/EditorResources/S_Trigger.ubulk" 14
"../../../Engine/Content/EditorResources/S_Trigger.uasset" 15
"../../../Engine/Content/EditorResources/S_Trigger.uexp" 16
"../../../Engine/Content/EditorResources/S_TriggerBox.uasset" 17
"../../../Engine/Content/EditorResources/S_TriggerBox.uexp" 18
"../../../Engine/Content/EditorResources/S_TriggerCapsule.uasset" 19
"../../../Engine/Content/EditorResources/S_TriggerCapsule.uexp" 20
"../../../Engine/Content/EditorResources/S_TriggerSphere.uasset" 21
"../../../Engine/Content/EditorResources/S_TriggerSphere.uexp" 22
"../../../Engine/Content/EngineMeshes/Sphere.ubulk" 23
"../../../Engine/Content/EngineMeshes/Sphere.uasset" 24
"../../../Engine/Content/EngineMeshes/Sphere.uexp" 25
"../../../Engine/Content/EngineResources/GradientTexture0.uasset" 26
"../../../Engine/Content/EngineResources/GradientTexture0.uexp" 27
"../../../Engine/Content/EngineResources/Black.uasset" 28
"../../../Engine/Content/EngineResources/Black.uexp" 29
"../../../Engine/Content/VREditor/LaserPointer/VR_LaserPower_01.ubulk" 30
"../../../Engine/Content/VREditor/LaserPointer/VR_LaserPower_01.uasset" 31
"../../../Engine/Content/VREditor/LaserPointer/VR_LaserPower_01.uexp" 32
"../../../Engine/Content/VREditor/TransformGizmo/TransformGizmoMaterial.uasset" 33
"../../../Engine/Content/VREditor/TransformGizmo/TransformGizmoMaterial.uexp" 34
"../../../Engine/Content/VREditor/TransformGizmo/TranslucentTransformGizmoMaterial.uasset" 35
"../../../Engine/Content/VREditor/TransformGizmo/TranslucentTransformGizmoMaterial.uexp" 36
"../../../Engine/Content/VREditor/TransformGizmo/PlaneTranslationHandle.ubulk" 37
"../../../Engine/Content/VREditor/TransformGizmo/PlaneTranslationHandle.uasset" 38
"../../../Engine/Content/VREditor/TransformGizmo/PlaneTranslationHandle.uexp" 39
"../../../Engine/Content/VREditor/TransformGizmo/BoundingBoxCorner.ubulk" 40
"../../../Engine/Content/VREditor/TransformGizmo/BoundingBoxCorner.uasset" 41
"../../../Engine/Content/VREditor/TransformGizmo/BoundingBoxCorner.uexp" 42
"../../../Engine/Content/VREditor/TransformGizmo/BoundingBoxEdge.ubulk" 43
"../../../Engine/Content/VREditor/TransformGizmo/BoundingBoxEdge.uasset" 44
"../../../Engine/Content/VREditor/TransformGizmo/BoundingBoxEdge.uexp" 45
"../../../Engine/Content/VREditor/TransformGizmo/Main.uasset" 46
"../../../Engine/Content/VREditor/TransformGizmo/Main.uexp" 47
"../../../Engine/Content/VREditor/TransformGizmo/Xray.uasset" 48
"../../../Engine/Content/VREditor/TransformGizmo/Xray.uexp" 49
"../../../Engine/Content/VREditor/TransformGizmo/SM_Sequencer_Node.ubulk" 50
"../../../Engine/Content/VREditor/TransformGizmo/SM_Sequencer_Node.uasset" 51
"../../../Engine/Content/VREditor/TransformGizmo/SM_Sequencer_Node.uexp" 52
"../../../Engine/Content/EditorMaterials/Camera/CineMat.uasset" 53
"../../../Engine/Content/EditorMaterials/Camera/CineMat.uexp" 54
"../../../Engine/Content/EditorMaterials/Camera/MI_CineMat_Rig.uasset" 55
"../../../Engine/Content/EditorMaterials/Camera/MI_CineMat_Rig.uexp" 56
"../../../Engine/Content/EditorMeshes/Camera/SM_CraneRig_Base.ubulk" 57
"../../../Engine/Content/EditorMeshes/Camera/SM_CraneRig_Base.uasset" 58
"../../../Engine/Content/EditorMeshes/Camera/SM_CraneRig_Base.uexp" 59
"../../../Engine/Content/EditorMeshes/Camera/SM_CraneRig_Arm.ubulk" 60
"../../../Engine/Content/EditorMeshes/Camera/SM_CraneRig_Arm.uasset" 61
"../../../Engine/Content/EditorMeshes/Camera/SM_CraneRig_Arm.uexp" 62
"../../../Engine/Content/EditorMeshes/Camera/SM_CraneRig_Mount.ubulk" 63
"../../../Engine/Content/EditorMeshes/Camera/SM_CraneRig_Mount.uasset" 64
"../../../Engine/Content/EditorMeshes/Camera/SM_CraneRig_Mount.uexp" 65
"../../../Engine/Content/EditorMeshes/Camera/SM_CraneRig_Body.ubulk" 66
"../../../Engine/Content/EditorMeshes/Camera/SM_CraneRig_Body.uasset" 67
"../../../Engine/Content/EditorMeshes/Camera/SM_CraneRig_Body.uexp" 68
"../../../Engine/Content/EditorMeshes/Camera/SM_RailRig_Track.ubulk" 69
"../../../Engine/Content/EditorMeshes/Camera/SM_RailRig_Track.uasset" 70
"../../../Engine/Content/EditorMeshes/Camera/SM_RailRig_Track.uexp" 71
"../../../Engine/Content/EditorMeshes/Camera/SM_RailRig_Mount.ubulk" 72
"../../../Engine/Content/EditorMeshes/Camera/SM_RailRig_Mount.uasset" 73
"../../../Engine/Content/EditorMeshes/Camera/SM_RailRig_Mount.uexp" 74
"../../../Engine/Content/EngineMaterials/T_Default_Material_Grid_M.ubulk" 75
"../../../Engine/Content/EngineMaterials/T_Default_Material_Grid_M.uasset" 76
"../../../Engine/Content/EngineMaterials/T_Default_Material_Grid_M.uexp" 77
"../../../Engine/Content/EngineMaterials/T_Default_Material_Grid_N.ubulk" 78
"../../../Engine/Content/EngineMaterials/T_Default_Material_Grid_N.uasset" 79
"../../../Engine/Content/EngineMaterials/T_Default_Material_Grid_N.uexp" 80
"../../../Engine/Content/Functions/Engine_MaterialFunctions01/Opacity/CameraDepthFade.uasset" 81
"../../../Engine/Content/Functions/Engine_MaterialFunctions01/Opacity/CameraDepthFade.uexp" 82
"../../../Engine/Content/EngineMaterials/WorldGridMaterial.uasset" 83
"../../../Engine/Content/EngineMaterials/WorldGridMaterial.uexp" 84
"../../../Engine/Content/ArtTools/RenderToTexture/Meshes/S_1_Unit_Plane.ubulk" 85
"../../../Engine/Content/ArtTools/RenderToTexture/Meshes/S_1_Unit_Plane.uasset" 86
"../../../Engine/Content/ArtTools/RenderToTexture/Meshes/S_1_Unit_Plane.uexp" 87
"../../../Engine/Content/EditorMaterials/ParticleSystems/PSysThumbnail_NoImage.ubulk" 88
"../../../Engine/Content/EditorMaterials/ParticleSystems/PSysThumbnail_NoImage.uasset" 89
"../../../Engine/Content/EditorMaterials/ParticleSystems/PSysThumbnail_NoImage.uexp" 90
"../../../Engine/Content/EditorMaterials/ParticleSystems/PSysThumbnail_OOD.ubulk" 91
"../../../Engine/Content/EditorMaterials/ParticleSystems/PSysThumbnail_OOD.uasset" 92
"../../../Engine/Content/EditorMaterials/ParticleSystems/PSysThumbnail_OOD.uexp" 93
"../../../Engine/Content/EditorLandscapeResources/SplineEditorMeshMat.uasset" 94
"../../../Engine/Content/EditorLandscapeResources/SplineEditorMeshMat.uexp" 95
"../../../Engine/Content/EditorLandscapeResources/SplineEditorMesh.ubulk" 96
"../../../Engine/Content/EditorLandscapeResources/SplineEditorMesh.uasset" 97
"../../../Engine/Content/EditorLandscapeResources/SplineEditorMesh.uexp" 98
"../../../Engine/Content/EditorResources/S_Solver.ubulk" 99
"../../../Engine/Content/EditorResources/S_Solver.uasset" 100
"../../../Engine/Content/EditorResources/S_Solver.uexp" 101
"../../../Engine/Plugins/Media/MediaPlate/Content/SM_MediaPlateScreen.ubulk" 102
"../../../Engine/Plugins/Media/MediaPlate/Content/SM_MediaPlateScreen.uasset" 103
"../../../Engine/Plugins/Media/MediaPlate/Content/SM_MediaPlateScreen.uexp" 104
"../../../Engine/Content/EngineMaterials/Good64x64TilingNoiseHighFreq.uasset" 105
"../../../Engine/Content/EngineMaterials/Good64x64TilingNoiseHighFreq.uexp" 106
"../../../Engine/Content/EngineMaterials/DefaultBokeh.uasset" 107
"../../../Engine/Content/EngineMaterials/DefaultBokeh.uexp" 108
"../../../Engine/Content/EngineMaterials/PreintegratedSkinBRDF.uasset" 109
"../../../Engine/Content/EngineMaterials/PreintegratedSkinBRDF.uexp" 110
"../../../Engine/Content/EngineMaterials/MiniFont.uasset" 111
"../../../Engine/Content/EngineMaterials/MiniFont.uexp" 112
"../../../Engine/Content/EngineMaterials/WeightMapPlaceholderTexture.uasset" 113
"../../../Engine/Content/EngineMaterials/WeightMapPlaceholderTexture.uexp" 114
"../../../Engine/Content/EngineMaterials/DefaultWhiteGrid.ubulk" 115
"../../../Engine/Content/EngineMaterials/DefaultWhiteGrid.uasset" 116
"../../../Engine/Content/EngineMaterials/DefaultWhiteGrid.uexp" 117
"F:/code/shooter.sb/Content/Menu/Images/Level2.uasset" 118
"F:/code/shooter.sb/Content/Menu/Images/Level2.uexp" 119
"F:/code/shooter.sb/Content/Menu/Images/Level1.uasset" 120
"F:/code/shooter.sb/Content/Menu/Images/Level1.uexp" 121
"F:/code/shooter.sb/Content/Menu/Images/Level3.uasset" 122
"F:/code/shooter.sb/Content/Menu/Images/Level3.uexp" 123
"F:/code/shooter.sb/Content/BP_SBGameInstance.uasset" 124
"F:/code/shooter.sb/Content/BP_SBGameInstance.uexp" 125
"../../../Engine/Content/Animation/DefaultRecorderBoneCompression.uasset" 126
"../../../Engine/Content/Animation/DefaultRecorderBoneCompression.uexp" 127
"../../../Engine/Plugins/Interchange/Runtime/Content/Pipelines/DefaultSceneLevelPipeline.uasset" 128
"../../../Engine/Plugins/Interchange/Runtime/Content/Pipelines/DefaultSceneLevelPipeline.uexp" 129
"../../../Engine/Content/BasicShapes/Plane.ubulk" 130
"../../../Engine/Content/BasicShapes/Plane.uasset" 131
"../../../Engine/Content/BasicShapes/Plane.uexp" 132
"../../../Engine/Content/EngineMaterials/DefaultMaterial.uasset" 133
"../../../Engine/Content/EngineMaterials/DefaultMaterial.uexp" 134
"../../../Engine/Content/BasicShapes/Cylinder.ubulk" 135
"../../../Engine/Content/BasicShapes/Cylinder.uasset" 136
"../../../Engine/Content/BasicShapes/Cylinder.uexp" 137
"../../../Engine/Content/BasicShapes/Cone.ubulk" 138
"../../../Engine/Content/BasicShapes/Cone.uasset" 139
"../../../Engine/Content/BasicShapes/Cone.uexp" 140
"../../../Engine/Content/EditorLandscapeResources/DefaultAlphaTexture.uasset" 141
"../../../Engine/Content/EditorLandscapeResources/DefaultAlphaTexture.uexp" 142
"../../../Engine/Content/EditorLandscapeResources/DataLayer.uasset" 143
"../../../Engine/Content/EditorLandscapeResources/DataLayer.uexp" 144
"../../../Engine/Content/EditorMaterials/PreviewShadowIndicator.ubulk" 145
"../../../Engine/Content/EditorMaterials/PreviewShadowIndicator.uasset" 146
"../../../Engine/Content/EditorMaterials/PreviewShadowIndicator.uexp" 147
"../../../Engine/Content/EditorMaterials/PreviewShadowIndicatorMaterial.uasset" 148
"../../../Engine/Content/EditorMaterials/PreviewShadowIndicatorMaterial.uexp" 149
"../../../Engine/Content/EditorMaterials/PhAT_UnselectedMaterial.uasset" 150
"../../../Engine/Content/EditorMaterials/PhAT_UnselectedMaterial.uexp" 151
"../../../Engine/Content/EditorMaterials/PhAT_NoCollisionMaterial.uasset" 152
"../../../Engine/Content/EditorMaterials/PhAT_NoCollisionMaterial.uexp" 153
"../../../Engine/Content/Functions/Engine_MaterialFunctions02/Utility/MakeFloat4.uasset" 154
"../../../Engine/Content/Functions/Engine_MaterialFunctions02/Utility/MakeFloat4.uexp" 155
"../../../Engine/Content/Functions/Engine_MaterialFunctions02/Utility/MakeFloat3.uasset" 156
"../../../Engine/Content/Functions/Engine_MaterialFunctions02/Utility/MakeFloat3.uexp" 157
"../../../Engine/Content/Functions/Engine_MaterialFunctions02/Utility/BreakOutFloat3Components.uasset" 158
"../../../Engine/Content/Functions/Engine_MaterialFunctions02/Utility/BreakOutFloat3Components.uexp" 159
"../../../Engine/Content/EditorMaterials/WorldPartition/WorldPartitionSpatialHashGridPreviewMaterial.uasset" 160
"../../../Engine/Content/EditorMaterials/WorldPartition/WorldPartitionSpatialHashGridPreviewMaterial.uexp" 161
"../../../Engine/Content/EditorResources/S_Terrain.ubulk" 162
"../../../Engine/Content/EditorResources/S_Terrain.uasset" 163
"../../../Engine/Content/EditorResources/S_Terrain.uexp" 164
"../../../Engine/Content/EditorResources/EmptyActor.uasset" 165
"../../../Engine/Content/EditorResources/EmptyActor.uexp" 166
"../../../Engine/Content/EditorResources/BSPVertex.uasset" 167
"../../../Engine/Content/EditorResources/BSPVertex.uexp" 168
"../../../Engine/Content/EditorResources/SequenceRecorder/RecordingIndicator.uasset" 169
"../../../Engine/Content/EditorResources/SequenceRecorder/RecordingIndicator.uexp" 170
"../../../Engine/Content/EditorResources/SequenceRecorder/Countdown.uasset" 171
"../../../Engine/Content/EditorResources/SequenceRecorder/Countdown.uexp" 172
"../../../Engine/Content/EngineDamageTypes/DmgTypeBP_Environmental.uasset" 173
"../../../Engine/Content/EngineDamageTypes/DmgTypeBP_Environmental.uexp" 174
"../../../Engine/Content/Functions/Engine_MaterialFunctions02/Utility/CameraDirectionVector.uasset" 175
"../../../Engine/Content/Functions/Engine_MaterialFunctions02/Utility/CameraDirectionVector.uexp" 176
"../../../Engine/Content/EngineDebugMaterials/VolumeToRender.uasset" 177
"../../../Engine/Content/EngineDebugMaterials/VolumeToRender.uexp" 178
"../../../Engine/Content/EngineDebugMaterials/M_VolumeRenderSphereTracePP.uasset" 179
"../../../Engine/Content/EngineDebugMaterials/M_VolumeRenderSphereTracePP.uexp" 180
"../../../Engine/Content/EngineDebugMaterials/M_SimpleUnlitTranslucent.uasset" 181
"../../../Engine/Content/EngineDebugMaterials/M_SimpleUnlitTranslucent.uexp" 182
"../../../Engine/Content/EngineDebugMaterials/DebugMeshMaterial.uasset" 183
"../../../Engine/Content/EngineDebugMaterials/DebugMeshMaterial.uexp" 184
"../../../Engine/Content/EngineDebugMaterials/DebugEditorMaterial.uasset" 185
"../../../Engine/Content/EngineDebugMaterials/DebugEditorMaterial.uexp" 186
"../../../Engine/Content/EngineFonts/Faces/RobotoLight.uexp" 187
"../../../Engine/Content/EngineFonts/Faces/RobotoLight.uasset" 188
"../../../Engine/Content/EngineFonts/Faces/RobotoLight.ufont" 189
"../../../Engine/Content/EngineFonts/Faces/RobotoBold.uexp" 190
"../../../Engine/Content/EngineFonts/Faces/RobotoBold.uasset" 191
"../../../Engine/Content/EngineFonts/Faces/RobotoBold.ufont" 192
"../../../Engine/Content/EngineFonts/Faces/RobotoRegular.uexp" 193
"../../../Engine/Content/EngineFonts/Faces/RobotoRegular.uasset" 194
"../../../Engine/Content/EngineFonts/Faces/RobotoRegular.ufont" 195
"../../../Engine/Content/EngineFonts/Faces/DroidSansFallback.uexp" 196
"../../../Engine/Content/EngineFonts/Faces/DroidSansFallback.uasset" 197
"../../../Engine/Content/EngineFonts/Faces/DroidSansFallback.ufont" 198
"../../../Engine/Content/EngineFonts/Faces/RobotoItalic.uexp" 199
"../../../Engine/Content/EngineFonts/Faces/RobotoItalic.uasset" 200
"../../../Engine/Content/EngineFonts/Faces/RobotoItalic.ufont" 201
"../../../Engine/Content/EngineFonts/Faces/RobotoBoldItalic.uexp" 202
"../../../Engine/Content/EngineFonts/Faces/RobotoBoldItalic.uasset" 203
"../../../Engine/Content/EngineFonts/Faces/RobotoBoldItalic.ufont" 204
"../../../Engine/Content/EngineFonts/Roboto.uasset" 205
"../../../Engine/Content/EngineFonts/Roboto.uexp" 206
"../../../Engine/Content/EngineResources/WhiteSquareTexture.uasset" 207
"../../../Engine/Content/EngineResources/WhiteSquareTexture.uexp" 208
"../../../Engine/Content/EngineMaterials/Widget3DPassThrough.uasset" 209
"../../../Engine/Content/EngineMaterials/Widget3DPassThrough.uexp" 210
"../../../Engine/Content/EngineMaterials/Widget3DPassThrough_Translucent.uasset" 211
"../../../Engine/Content/EngineMaterials/Widget3DPassThrough_Translucent.uexp" 212
"../../../Engine/Content/EngineMaterials/Widget3DPassThrough_Translucent_OneSided.uasset" 213
"../../../Engine/Content/EngineMaterials/Widget3DPassThrough_Translucent_OneSided.uexp" 214
"../../../Engine/Content/EngineMaterials/Widget3DPassThrough_Opaque.uasset" 215
"../../../Engine/Content/EngineMaterials/Widget3DPassThrough_Opaque.uexp" 216
"../../../Engine/Content/EngineMaterials/Widget3DPassThrough_Opaque_OneSided.uasset" 217
"../../../Engine/Content/EngineMaterials/Widget3DPassThrough_Opaque_OneSided.uexp" 218
"../../../Engine/Content/EngineMaterials/Widget3DPassThrough_Masked_OneSided.uasset" 219
"../../../Engine/Content/EngineMaterials/Widget3DPassThrough_Masked_OneSided.uexp" 220
"../../../Engine/Content/EngineMaterials/Widget3DPassThrough_Masked.uasset" 221
"../../../Engine/Content/EngineMaterials/Widget3DPassThrough_Masked.uexp" 222
"../../../Engine/Plugins/Runtime/MeshModelingToolset/Content/Materials/M_DynamicMeshComponentVtxColor.uasset" 223
"../../../Engine/Plugins/Runtime/MeshModelingToolset/Content/Materials/M_DynamicMeshComponentVtxColor.uexp" 224
"../../../Engine/Content/EngineMaterials/STBlueNoise_vec2_128x128x64.uasset" 225
"../../../Engine/Content/EngineMaterials/STBlueNoise_vec2_128x128x64.uexp" 226
"../../../Engine/Content/EngineMaterials/STBlueNoise_scalar_128x128x64.uasset" 227
"../../../Engine/Content/EngineMaterials/STBlueNoise_scalar_128x128x64.uexp" 228
"../../../Engine/Content/EngineMaterials/RemoveSurfaceMaterial.uasset" 229
"../../../Engine/Content/EngineMaterials/RemoveSurfaceMaterial.uexp" 230
"../../../Engine/Content/EngineMaterials/DefaultCalibrationGrayscale.uasset" 231
"../../../Engine/Content/EngineMaterials/DefaultCalibrationGrayscale.uexp" 232
"../../../Engine/Content/EngineMaterials/PPM_DefaultCalibrationGrayscale.uasset" 233
"../../../Engine/Content/EngineMaterials/PPM_DefaultCalibrationGrayscale.uexp" 234
"../../../Engine/Content/EngineMaterials/DefaultCalibrationColor.uasset" 235
"../../../Engine/Content/EngineMaterials/DefaultCalibrationColor.uexp" 236
"../../../Engine/Content/EngineMaterials/PPM_DefaultCalibrationColor.uasset" 237
"../../../Engine/Content/EngineMaterials/PPM_DefaultCalibrationColor.uexp" 238
"../../../Engine/Content/Functions/Engine_MaterialFunctions02/WorldPositionOffset/CameraOffset.uasset" 239
"../../../Engine/Content/Functions/Engine_MaterialFunctions02/WorldPositionOffset/CameraOffset.uexp" 240
"../../../Engine/Content/EngineMaterials/PhAT_JointLimitMaterial.uasset" 241
"../../../Engine/Content/EngineMaterials/PhAT_JointLimitMaterial.uexp" 242
"../../../Engine/Content/EngineMaterials/InvalidLightmapSettings.ubulk" 243
"../../../Engine/Content/EngineMaterials/InvalidLightmapSettings.uasset" 244
"../../../Engine/Content/EngineMaterials/InvalidLightmapSettings.uexp" 245
"../../../Engine/Content/EngineMaterials/M_InvalidLightmapSettings.uasset" 246
"../../../Engine/Content/EngineMaterials/M_InvalidLightmapSettings.uexp" 247
"../../../Engine/Plugins/Interchange/Runtime/Content/gltf/Textures/T_Gray_Linear.uasset" 248
"../../../Engine/Plugins/Interchange/Runtime/Content/gltf/Textures/T_Gray_Linear.uexp" 249
"../../../Engine/Plugins/Interchange/Runtime/Content/Materials/MapOrLinearColorFunction.uasset" 250
"../../../Engine/Plugins/Interchange/Runtime/Content/Materials/MapOrLinearColorFunction.uexp" 251
"../../../Engine/Content/EngineMaterials/DefaultNormal.ubulk" 252
"../../../Engine/Content/EngineMaterials/DefaultNormal.uasset" 253
"../../../Engine/Content/EngineMaterials/DefaultNormal.uexp" 254
"../../../Engine/Plugins/Interchange/Runtime/Content/Materials/MapOrScalarFunction.uasset" 255
"../../../Engine/Plugins/Interchange/Runtime/Content/Materials/MapOrScalarFunction.uexp" 256
"../../../Engine/Plugins/Interchange/Runtime/Content/Materials/MapOrColorFunction.uasset" 257
"../../../Engine/Plugins/Interchange/Runtime/Content/Materials/MapOrColorFunction.uexp" 258
"../../../Engine/Content/EngineMaterials/BaseFlattenLinearColor.uasset" 259
"../../../Engine/Content/EngineMaterials/BaseFlattenLinearColor.uexp" 260
"../../../Engine/Plugins/Interchange/Runtime/Content/Materials/CommonMaterial.uasset" 261
"../../../Engine/Plugins/Interchange/Runtime/Content/Materials/CommonMaterial.uexp" 262
"../../../Engine/Plugins/Interchange/Runtime/Content/Materials/PBRSurfaceFunction.uasset" 263
"../../../Engine/Plugins/Interchange/Runtime/Content/Materials/PBRSurfaceFunction.uexp" 264
"../../../Engine/Plugins/Interchange/Runtime/Content/Materials/ClearCoatMaterial.uasset" 265
"../../../Engine/Plugins/Interchange/Runtime/Content/Materials/ClearCoatMaterial.uexp" 266
"../../../Engine/Plugins/Interchange/Runtime/Content/Materials/UnlitMaterial.uasset" 267
"../../../Engine/Plugins/Interchange/Runtime/Content/Materials/UnlitMaterial.uexp" 268
"../../../Engine/Content/EngineMaterials/GizmoMaterial.uasset" 269
"../../../Engine/Content/EngineMaterials/GizmoMaterial.uexp" 270
"../../../Engine/Content/EngineMaterials/BaseFlattenEmissiveMap_VT.uasset" 271
"../../../Engine/Content/EngineMaterials/BaseFlattenEmissiveMap_VT.uexp" 272
"../../../Engine/Content/EngineMaterials/BaseFlattenGrayscaleMap_VT.uasset" 273
"../../../Engine/Content/EngineMaterials/BaseFlattenGrayscaleMap_VT.uexp" 274
"../../../Engine/Content/EngineMaterials/BaseFlattenLinearColor_VT.uasset" 275
"../../../Engine/Content/EngineMaterials/BaseFlattenLinearColor_VT.uexp" 276
"../../../Engine/Content/EngineMaterials/Black_1x1_EXR_Texture_VT.uasset" 277
"../../../Engine/Content/EngineMaterials/Black_1x1_EXR_Texture_VT.uexp" 278
"../../../Engine/Content/EngineMaterials/BaseFlattenDiffuseMap_VT.uasset" 279
"../../../Engine/Content/EngineMaterials/BaseFlattenDiffuseMap_VT.uexp" 280
"../../../Engine/Content/EngineMaterials/BaseFlattenNormalMap_VT.uasset" 281
"../../../Engine/Content/EngineMaterials/BaseFlattenNormalMap_VT.uexp" 282
"../../../Engine/Content/EngineMaterials/FlattenMaterial_WS_Normal_VT.uasset" 283
"../../../Engine/Content/EngineMaterials/FlattenMaterial_WS_Normal_VT.uexp" 284
"../../../Engine/Content/EngineMaterials/FlattenMaterial_VT.uasset" 285
"../../../Engine/Content/EngineMaterials/FlattenMaterial_VT.uexp" 286
"../../../Engine/Content/EngineMaterials/BaseFlattenNormalMap.uasset" 287
"../../../Engine/Content/EngineMaterials/BaseFlattenNormalMap.uexp" 288
"../../../Engine/Content/EngineMaterials/BaseFlattenGrayscaleMap.uasset" 289
"../../../Engine/Content/EngineMaterials/BaseFlattenGrayscaleMap.uexp" 290
"../../../Engine/Content/EngineMaterials/BaseFlattenDiffuseMap.uasset" 291
"../../../Engine/Content/EngineMaterials/BaseFlattenDiffuseMap.uexp" 292
"../../../Engine/Content/Functions/Engine_MaterialFunctions02/PivotPainter2/Black_1x1_EXR_Texture.uasset" 293
"../../../Engine/Content/Functions/Engine_MaterialFunctions02/PivotPainter2/Black_1x1_EXR_Texture.uexp" 294
"../../../Engine/Content/EngineMaterials/BaseFlattenEmissiveMap.uasset" 295
"../../../Engine/Content/EngineMaterials/BaseFlattenEmissiveMap.uexp" 296
"../../../Engine/Content/EngineMaterials/FlattenMaterial.uasset" 297
"../../../Engine/Content/EngineMaterials/FlattenMaterial.uexp" 298
"../../../Engine/Content/EngineMaterials/DefaultWhiteGrid_Low.uasset" 299
"../../../Engine/Content/EngineMaterials/DefaultWhiteGrid_Low.uexp" 300
"../../../Engine/Content/EngineMaterials/EmissiveMeshMaterial.uasset" 301
"../../../Engine/Content/EngineMaterials/EmissiveMeshMaterial.uexp" 302
"../../../Engine/Plugins/Interchange/Runtime/Content/Pipelines/DefaultTexturePipeline.uasset" 303
"../../../Engine/Plugins/Interchange/Runtime/Content/Pipelines/DefaultTexturePipeline.uexp" 304
"../../../Engine/Content/EngineFonts/RobotoDistanceField.uasset" 305
"../../../Engine/Content/EngineFonts/RobotoDistanceField.uexp" 306
"../../../Engine/Content/EngineMaterials/DefaultTextMaterialOpaque.uasset" 307
"../../../Engine/Content/EngineMaterials/DefaultTextMaterialOpaque.uexp" 308
"../../../Engine/Content/EngineMaterials/DefaultDiffuse.ubulk" 309
"../../../Engine/Content/EngineMaterials/DefaultDiffuse.uasset" 310
"../../../Engine/Content/EngineMaterials/DefaultDiffuse.uexp" 311
"../../../Engine/Content/Functions/Engine_MaterialFunctions02/Utility/BreakOutFloat2Components.uasset" 312
"../../../Engine/Content/Functions/Engine_MaterialFunctions02/Utility/BreakOutFloat2Components.uexp" 313
"../../../Engine/Content/EngineMaterials/DefaultPostProcessMaterial.uasset" 314
"../../../Engine/Content/EngineMaterials/DefaultPostProcessMaterial.uexp" 315
"../../../Engine/Content/EngineMaterials/DefaultPhysicalMaterial.uasset" 316
"../../../Engine/Content/EngineMaterials/DefaultPhysicalMaterial.uexp" 317
"../../../Engine/Content/EngineMaterials/DefaultLightFunctionMaterial.uasset" 318
"../../../Engine/Content/EngineMaterials/DefaultLightFunctionMaterial.uexp" 319
"../../../Engine/Content/EngineMaterials/DefaultDestructiblePhysicalMaterial.uasset" 320
"../../../Engine/Content/EngineMaterials/DefaultDestructiblePhysicalMaterial.uexp" 321
"../../../Engine/Content/EngineMaterials/DefaultDeferredDecalMaterial.uasset" 322
"../../../Engine/Content/EngineMaterials/DefaultDeferredDecalMaterial.uexp" 323
"../../../Engine/Plugins/Interchange/Runtime/Content/gltf/Textures/T_Black_srgb.uasset" 324
"../../../Engine/Plugins/Interchange/Runtime/Content/gltf/Textures/T_Black_srgb.uexp" 325
"../../../Engine/Content/EngineMaterials/DefaultBloomKernel.uasset" 326
"../../../Engine/Content/EngineMaterials/DefaultBloomKernel.uexp" 327
"../../../Engine/Content/EngineResources/FilmGrains/Marcie_Grain_v3_128_M2_000.uasset" 328
"../../../Engine/Content/EngineResources/FilmGrains/Marcie_Grain_v3_128_M2_000.uexp" 329
"../../../Engine/Plugins/Interchange/Runtime/Content/Materials/ThinTranslucentMaterial.uasset" 330
"../../../Engine/Plugins/Interchange/Runtime/Content/Materials/ThinTranslucentMaterial.uexp" 331
"../../../Engine/Plugins/Interchange/Runtime/Content/Materials/SubsurfaceMaterial.uasset" 332
"../../../Engine/Plugins/Interchange/Runtime/Content/Materials/SubsurfaceMaterial.uexp" 333
"../../../Engine/Plugins/Interchange/Runtime/Content/Materials/SheenMaterial.uasset" 334
"../../../Engine/Plugins/Interchange/Runtime/Content/Materials/SheenMaterial.uexp" 335
"../../../Engine/Content/Functions/Engine_MaterialFunctions01/Shading/ConvertFromDiffSpec.uasset" 336
"../../../Engine/Content/Functions/Engine_MaterialFunctions01/Shading/ConvertFromDiffSpec.uexp" 337
"../../../Engine/Plugins/Interchange/Runtime/Content/Materials/PhongSurfaceMaterial.uasset" 338
"../../../Engine/Plugins/Interchange/Runtime/Content/Materials/PhongSurfaceMaterial.uexp" 339
"../../../Engine/Plugins/Interchange/Runtime/Content/Materials/PBRSurfaceMaterial.uasset" 340
"../../../Engine/Plugins/Interchange/Runtime/Content/Materials/PBRSurfaceMaterial.uexp" 341
"../../../Engine/Plugins/Interchange/Runtime/Content/Materials/LambertSurfaceMaterial.uasset" 342
"../../../Engine/Plugins/Interchange/Runtime/Content/Materials/LambertSurfaceMaterial.uexp" 343
"../../../Engine/Content/EngineSky/VolumetricClouds/CloudWeatherTexture.uasset" 344
"../../../Engine/Content/EngineSky/VolumetricClouds/CloudWeatherTexture.uexp" 345
"../../../Engine/Content/Functions/Engine_MaterialFunctions02/Utility/MakeFloat2.uasset" 346
"../../../Engine/Content/Functions/Engine_MaterialFunctions02/Utility/MakeFloat2.uexp" 347
"../../../Engine/Content/EngineSky/VolumetricClouds/CloudGradientTexture.uasset" 348
"../../../Engine/Content/EngineSky/VolumetricClouds/CloudGradientTexture.uexp" 349
"../../../Engine/Content/EngineSky/VolumetricClouds/T_NoiseShape64.ubulk" 350
"../../../Engine/Content/EngineSky/VolumetricClouds/T_NoiseShape64.uasset" 351
"../../../Engine/Content/EngineSky/VolumetricClouds/T_NoiseShape64.uexp" 352
"../../../Engine/Content/EngineSky/VolumetricClouds/T_VolumeNoiseShape64.uasset" 353
"../../../Engine/Content/EngineSky/VolumetricClouds/T_VolumeNoiseShape64.uexp" 354
"../../../Engine/Content/EngineSky/VolumetricClouds/T_NoiseErosion.ubulk" 355
"../../../Engine/Content/EngineSky/VolumetricClouds/T_NoiseErosion.uasset" 356
"../../../Engine/Content/EngineSky/VolumetricClouds/T_NoiseErosion.uexp" 357
"../../../Engine/Content/EngineSky/VolumetricClouds/T_VolumeNoiseErosion32.uasset" 358
"../../../Engine/Content/EngineSky/VolumetricClouds/T_VolumeNoiseErosion32.uexp" 359
"../../../Engine/Content/EngineSky/VolumetricClouds/m_SimpleVolumetricCloud.uasset" 360
"../../../Engine/Content/EngineSky/VolumetricClouds/m_SimpleVolumetricCloud.uexp" 361
"../../../Engine/Content/EngineSky/VolumetricClouds/m_SimpleVolumetricCloud_Inst.uasset" 362
"../../../Engine/Content/EngineSky/VolumetricClouds/m_SimpleVolumetricCloud_Inst.uexp" 363
"../../../Engine/Content/EngineSounds/Master.uasset" 364
"../../../Engine/Content/EngineSounds/Master.uexp" 365
"../../../Engine/Content/Functions/Engine_MaterialFunctions01/Shading/PowerToRoughness.uasset" 366
"../../../Engine/Content/Functions/Engine_MaterialFunctions01/Shading/PowerToRoughness.uexp" 367
"../../../Engine/Content/EngineMaterials/FlatNormal.uasset" 368
"../../../Engine/Content/EngineMaterials/FlatNormal.uexp" 369
"../../../Engine/Plugins/Interchange/Runtime/Content/Functions/MF_OrenNayerView.uasset" 370
"../../../Engine/Plugins/Interchange/Runtime/Content/Functions/MF_OrenNayerView.uexp" 371
"../../../Engine/Content/EditorLandscapeResources/WhiteSquareTexture.uasset" 372
"../../../Engine/Content/EditorLandscapeResources/WhiteSquareTexture.uexp" 373
"../../../Engine/Plugins/Interchange/Runtime/Content/Functions/MF_SchlickApprox.uasset" 374
"../../../Engine/Plugins/Interchange/Runtime/Content/Functions/MF_SchlickApprox.uexp" 375
"../../../Engine/Plugins/Interchange/Runtime/Content/Utilities/New_LUT.uasset" 376
"../../../Engine/Plugins/Interchange/Runtime/Content/Utilities/New_LUT.uexp" 377
"../../../Engine/Content/Functions/Engine_MaterialFunctions03/Math/RemapValueRange.uasset" 378
"../../../Engine/Content/Functions/Engine_MaterialFunctions03/Math/RemapValueRange.uexp" 379
"../../../Engine/Plugins/Interchange/Runtime/Content/Functions/MF_Iridescence.uasset" 380
"../../../Engine/Plugins/Interchange/Runtime/Content/Functions/MF_Iridescence.uexp" 381
"../../../Engine/Plugins/Interchange/Runtime/Content/Materials/OrenNayerMaterial.uasset" 382
"../../../Engine/Plugins/Interchange/Runtime/Content/Materials/OrenNayerMaterial.uexp" 383
"../../../Engine/Content/MobileResources/HUD/VirtualJoystick_Background.uasset" 384
"../../../Engine/Content/MobileResources/HUD/VirtualJoystick_Background.uexp" 385
"../../../Engine/Content/MobileResources/HUD/VirtualJoystick_Thumb.uasset" 386
"../../../Engine/Content/MobileResources/HUD/VirtualJoystick_Thumb.uexp" 387
"../../../Engine/Content/MobileResources/HUD/DefaultVirtualJoysticks.uasset" 388
"../../../Engine/Content/MobileResources/HUD/DefaultVirtualJoysticks.uexp" 389
"../../../Engine/Plugins/2D/Paper2D/Content/PlaceholderTextures/DummySpriteTexture.ubulk" 390
"../../../Engine/Plugins/2D/Paper2D/Content/PlaceholderTextures/DummySpriteTexture.uasset" 391
"../../../Engine/Plugins/2D/Paper2D/Content/PlaceholderTextures/DummySpriteTexture.uexp" 392
"../../../Engine/Plugins/2D/Paper2D/Content/DefaultSpriteMaterial.uasset" 393
"../../../Engine/Plugins/2D/Paper2D/Content/DefaultSpriteMaterial.uexp" 394
"../../../Engine/Plugins/2D/Paper2D/Content/OpaqueUnlitSpriteMaterial.uasset" 395
"../../../Engine/Plugins/2D/Paper2D/Content/OpaqueUnlitSpriteMaterial.uexp" 396
"../../../Engine/Plugins/2D/Paper2D/Content/MaskedUnlitSpriteMaterial.uasset" 397
"../../../Engine/Plugins/2D/Paper2D/Content/MaskedUnlitSpriteMaterial.uexp" 398
"../../../Engine/Plugins/2D/Paper2D/Content/DummySprite.uasset" 399
"../../../Engine/Plugins/2D/Paper2D/Content/DummySprite.uexp" 400
"../../../Engine/Plugins/2D/Paper2D/Content/DefaultPaperTerrainMaterial.uasset" 401
"../../../Engine/Plugins/2D/Paper2D/Content/DefaultPaperTerrainMaterial.uexp" 402
"../../../Engine/Plugins/Interchange/Runtime/Content/Pipelines/DefaultAssetsPipeline.uasset" 403
"../../../Engine/Plugins/Interchange/Runtime/Content/Pipelines/DefaultAssetsPipeline.uexp" 404
"../../../Engine/Plugins/Animation/ControlRig/Content/M_Manip.uasset" 405
"../../../Engine/Plugins/Animation/ControlRig/Content/M_Manip.uexp" 406
"../../../Engine/Plugins/Animation/ControlRig/Content/Controls/DefaultGizmoLibraryNormalized.uasset" 407
"../../../Engine/Plugins/Animation/ControlRig/Content/Controls/DefaultGizmoLibraryNormalized.uexp" 408
"../../../Engine/Plugins/Animation/ControlRig/Content/Controls/ControlRig_Wedge_solid.ubulk" 409
"../../../Engine/Plugins/Animation/ControlRig/Content/Controls/ControlRig_Wedge_solid.uasset" 410
"../../../Engine/Plugins/Animation/ControlRig/Content/Controls/ControlRig_Wedge_solid.uexp" 411
"../../../Engine/Plugins/Animation/ControlRig/Content/Controls/ControlRig_Wedge_3mm.ubulk" 412
"../../../Engine/Plugins/Animation/ControlRig/Content/Controls/ControlRig_Wedge_3mm.uasset" 413
"../../../Engine/Plugins/Animation/ControlRig/Content/Controls/ControlRig_Wedge_3mm.uexp" 414
"../../../Engine/Plugins/Animation/ControlRig/Content/Controls/ControlRig_Wedge_1mm.ubulk" 415
"../../../Engine/Plugins/Animation/ControlRig/Content/Controls/ControlRig_Wedge_1mm.uasset" 416
"../../../Engine/Plugins/Animation/ControlRig/Content/Controls/ControlRig_Wedge_1mm.uexp" 417
"../../../Engine/Plugins/Animation/ControlRig/Content/Controls/ControlRig_Triangle_solid.ubulk" 418
"../../../Engine/Plugins/Animation/ControlRig/Content/Controls/ControlRig_Triangle_solid.uasset" 419
"../../../Engine/Plugins/Animation/ControlRig/Content/Controls/ControlRig_Triangle_solid.uexp" 420
"../../../Engine/Plugins/Animation/ControlRig/Content/Controls/ControlRig_Triangle_3mm.ubulk" 421
"../../../Engine/Plugins/Animation/ControlRig/Content/Controls/ControlRig_Triangle_3mm.uasset" 422
"../../../Engine/Plugins/Animation/ControlRig/Content/Controls/ControlRig_Triangle_3mm.uexp" 423
"../../../Engine/Plugins/Animation/ControlRig/Content/Controls/ControlRig_Triangle_1mm.ubulk" 424
"../../../Engine/Plugins/Animation/ControlRig/Content/Controls/ControlRig_Triangle_1mm.uasset" 425
"../../../Engine/Plugins/Animation/ControlRig/Content/Controls/ControlRig_Triangle_1mm.uexp" 426
"../../../Engine/Plugins/Animation/ControlRig/Content/Controls/ControlRig_Star4_solid.ubulk" 427
"../../../Engine/Plugins/Animation/ControlRig/Content/Controls/ControlRig_Star4_solid.uasset" 428
"../../../Engine/Plugins/Animation/ControlRig/Content/Controls/ControlRig_Star4_solid.uexp" 429
"../../../Engine/Plugins/Animation/ControlRig/Content/Controls/ControlRig_Star4_3mm.ubulk" 430
"../../../Engine/Plugins/Animation/ControlRig/Content/Controls/ControlRig_Star4_3mm.uasset" 431
"../../../Engine/Plugins/Animation/ControlRig/Content/Controls/ControlRig_Star4_3mm.uexp" 432
"../../../Engine/Plugins/Animation/ControlRig/Content/Controls/ControlRig_Star4_1mm.ubulk" 433
"../../../Engine/Plugins/Animation/ControlRig/Content/Controls/ControlRig_Star4_1mm.uasset" 434
"../../../Engine/Plugins/Animation/ControlRig/Content/Controls/ControlRig_Star4_1mm.uexp" 435
"../../../Engine/Plugins/Animation/ControlRig/Content/Controls/ControlRig_Square_solid.ubulk" 436
"../../../Engine/Plugins/Animation/ControlRig/Content/Controls/ControlRig_Square_solid.uasset" 437
"../../../Engine/Plugins/Animation/ControlRig/Content/Controls/ControlRig_Square_solid.uexp" 438
"../../../Engine/Plugins/Animation/ControlRig/Content/Controls/ControlRig_Square_3mm.ubulk" 439
"../../../Engine/Plugins/Animation/ControlRig/Content/Controls/ControlRig_Square_3mm.uasset" 440
"../../../Engine/Plugins/Animation/ControlRig/Content/Controls/ControlRig_Square_3mm.uexp" 441
"../../../Engine/Plugins/Animation/ControlRig/Content/Controls/ControlRig_Square_1mm.ubulk" 442
"../../../Engine/Plugins/Animation/ControlRig/Content/Controls/ControlRig_Square_1mm.uasset" 443
"../../../Engine/Plugins/Animation/ControlRig/Content/Controls/ControlRig_Square_1mm.uexp" 444
"../../../Engine/Plugins/Animation/ControlRig/Content/Controls/ControlRig_Sphere_solid.ubulk" 445
"../../../Engine/Plugins/Animation/ControlRig/Content/Controls/ControlRig_Sphere_solid.uasset" 446
"../../../Engine/Plugins/Animation/ControlRig/Content/Controls/ControlRig_Sphere_solid.uexp" 447
"../../../Engine/Plugins/Animation/ControlRig/Content/Controls/ControlRig_Sphere_3mm.ubulk" 448
"../../../Engine/Plugins/Animation/ControlRig/Content/Controls/ControlRig_Sphere_3mm.uasset" 449
"../../../Engine/Plugins/Animation/ControlRig/Content/Controls/ControlRig_Sphere_3mm.uexp" 450
"../../../Engine/Plugins/Animation/ControlRig/Content/Controls/ControlRig_Sphere_1mm.ubulk" 451
"../../../Engine/Plugins/Animation/ControlRig/Content/Controls/ControlRig_Sphere_1mm.uasset" 452
"../../../Engine/Plugins/Animation/ControlRig/Content/Controls/ControlRig_Sphere_1mm.uexp" 453
"../../../Engine/Plugins/Animation/ControlRig/Content/Controls/ControlRig_RoundedTriangle_solid.ubulk" 454
"../../../Engine/Plugins/Animation/ControlRig/Content/Controls/ControlRig_RoundedTriangle_solid.uasset" 455
"../../../Engine/Plugins/Animation/ControlRig/Content/Controls/ControlRig_RoundedTriangle_solid.uexp" 456
"../../../Engine/Plugins/Animation/ControlRig/Content/Controls/ControlRig_RoundedTriangle_3mm.ubulk" 457
"../../../Engine/Plugins/Animation/ControlRig/Content/Controls/ControlRig_RoundedTriangle_3mm.uasset" 458
"../../../Engine/Plugins/Animation/ControlRig/Content/Controls/ControlRig_RoundedTriangle_3mm.uexp" 459
"../../../Engine/Plugins/Animation/ControlRig/Content/Controls/ControlRig_RoundedTriangle_1mm.ubulk" 460
"../../../Engine/Plugins/Animation/ControlRig/Content/Controls/ControlRig_RoundedTriangle_1mm.uasset" 461
"../../../Engine/Plugins/Animation/ControlRig/Content/Controls/ControlRig_RoundedTriangle_1mm.uexp" 462
"../../../Engine/Plugins/Animation/ControlRig/Content/Controls/ControlRig_RoundedSquare_solid.ubulk" 463
"../../../Engine/Plugins/Animation/ControlRig/Content/Controls/ControlRig_RoundedSquare_solid.uasset" 464
"../../../Engine/Plugins/Animation/ControlRig/Content/Controls/ControlRig_RoundedSquare_solid.uexp" 465
"../../../Engine/Plugins/Animation/ControlRig/Content/Controls/ControlRig_RoundedSquare_3mm.ubulk" 466
"../../../Engine/Plugins/Animation/ControlRig/Content/Controls/ControlRig_RoundedSquare_3mm.uasset" 467
"../../../Engine/Plugins/Animation/ControlRig/Content/Controls/ControlRig_RoundedSquare_3mm.uexp" 468
"../../../Engine/Plugins/Animation/ControlRig/Content/Controls/ControlRig_RoundedSquare_1mm.ubulk" 469
"../../../Engine/Plugins/Animation/ControlRig/Content/Controls/ControlRig_RoundedSquare_1mm.uasset" 470
"../../../Engine/Plugins/Animation/ControlRig/Content/Controls/ControlRig_RoundedSquare_1mm.uexp" 471
"../../../Engine/Plugins/Animation/ControlRig/Content/Controls/ControlRig_QuarterCircle_solid.ubulk" 472
"../../../Engine/Plugins/Animation/ControlRig/Content/Controls/ControlRig_QuarterCircle_solid.uasset" 473
"../../../Engine/Plugins/Animation/ControlRig/Content/Controls/ControlRig_QuarterCircle_solid.uexp" 474
"../../../Engine/Plugins/Animation/ControlRig/Content/Controls/ControlRig_QuarterCircle_3mm.ubulk" 475
"../../../Engine/Plugins/Animation/ControlRig/Content/Controls/ControlRig_QuarterCircle_3mm.uasset" 476
"../../../Engine/Plugins/Animation/ControlRig/Content/Controls/ControlRig_QuarterCircle_3mm.uexp" 477
"../../../Engine/Plugins/Animation/ControlRig/Content/Controls/ControlRig_QuarterCircle_1mm.ubulk" 478
"../../../Engine/Plugins/Animation/ControlRig/Content/Controls/ControlRig_QuarterCircle_1mm.uasset" 479
"../../../Engine/Plugins/Animation/ControlRig/Content/Controls/ControlRig_QuarterCircle_1mm.uexp" 480
"../../../Engine/Plugins/Animation/ControlRig/Content/Controls/ControlRig_Pyramid_solid.ubulk" 481
"../../../Engine/Plugins/Animation/ControlRig/Content/Controls/ControlRig_Pyramid_solid.uasset" 482
"../../../Engine/Plugins/Animation/ControlRig/Content/Controls/ControlRig_Pyramid_solid.uexp" 483
"../../../Engine/Plugins/Animation/ControlRig/Content/Controls/ControlRig_Pyramid_3mm.ubulk" 484
"../../../Engine/Plugins/Animation/ControlRig/Content/Controls/ControlRig_Pyramid_3mm.uasset" 485
"../../../Engine/Plugins/Animation/ControlRig/Content/Controls/ControlRig_Pyramid_3mm.uexp" 486
"../../../Engine/Plugins/Animation/ControlRig/Content/Controls/ControlRig_Pyramid_1mm.ubulk" 487
"../../../Engine/Plugins/Animation/ControlRig/Content/Controls/ControlRig_Pyramid_1mm.uasset" 488
"../../../Engine/Plugins/Animation/ControlRig/Content/Controls/ControlRig_Pyramid_1mm.uexp" 489
"../../../Engine/Plugins/Animation/ControlRig/Content/Controls/ControlRig_Octagon_solid.ubulk" 490
"../../../Engine/Plugins/Animation/ControlRig/Content/Controls/ControlRig_Octagon_solid.uasset" 491
"../../../Engine/Plugins/Animation/ControlRig/Content/Controls/ControlRig_Octagon_solid.uexp" 492
"../../../Engine/Plugins/Animation/ControlRig/Content/Controls/ControlRig_Octagon_3mm.ubulk" 493
"../../../Engine/Plugins/Animation/ControlRig/Content/Controls/ControlRig_Octagon_3mm.uasset" 494
"../../../Engine/Plugins/Animation/ControlRig/Content/Controls/ControlRig_Octagon_3mm.uexp" 495
"../../../Engine/Plugins/Animation/ControlRig/Content/Controls/ControlRig_Octagon_1mm.ubulk" 496
"../../../Engine/Plugins/Animation/ControlRig/Content/Controls/ControlRig_Octagon_1mm.uasset" 497
"../../../Engine/Plugins/Animation/ControlRig/Content/Controls/ControlRig_Octagon_1mm.uexp" 498
"../../../Engine/Plugins/Animation/ControlRig/Content/Controls/ControlRig_Hexagon_solid.ubulk" 499
"../../../Engine/Plugins/Animation/ControlRig/Content/Controls/ControlRig_Hexagon_solid.uasset" 500
"../../../Engine/Plugins/Animation/ControlRig/Content/Controls/ControlRig_Hexagon_solid.uexp" 501
"../../../Engine/Plugins/Animation/ControlRig/Content/Controls/ControlRig_Hexagon_3mm.ubulk" 502
"../../../Engine/Plugins/Animation/ControlRig/Content/Controls/ControlRig_Hexagon_3mm.uasset" 503
"../../../Engine/Plugins/Animation/ControlRig/Content/Controls/ControlRig_Hexagon_3mm.uexp" 504
"../../../Engine/Plugins/Animation/ControlRig/Content/Controls/ControlRig_Hexagon_1mm.ubulk" 505
"../../../Engine/Plugins/Animation/ControlRig/Content/Controls/ControlRig_Hexagon_1mm.uasset" 506
"../../../Engine/Plugins/Animation/ControlRig/Content/Controls/ControlRig_Hexagon_1mm.uexp" 507
"../../../Engine/Plugins/Animation/ControlRig/Content/Controls/ControlRig_HalfCircle_solid.ubulk" 508
"../../../Engine/Plugins/Animation/ControlRig/Content/Controls/ControlRig_HalfCircle_solid.uasset" 509
"../../../Engine/Plugins/Animation/ControlRig/Content/Controls/ControlRig_HalfCircle_solid.uexp" 510
"../../../Engine/Plugins/Animation/ControlRig/Content/Controls/ControlRig_HalfCircle_3mm.ubulk" 511
"../../../Engine/Plugins/Animation/ControlRig/Content/Controls/ControlRig_HalfCircle_3mm.uasset" 512
"../../../Engine/Plugins/Animation/ControlRig/Content/Controls/ControlRig_HalfCircle_3mm.uexp" 513
"../../../Engine/Plugins/Animation/ControlRig/Content/Controls/ControlRig_HalfCircle_1mm.ubulk" 514
"../../../Engine/Plugins/Animation/ControlRig/Content/Controls/ControlRig_HalfCircle_1mm.uasset" 515
"../../../Engine/Plugins/Animation/ControlRig/Content/Controls/ControlRig_HalfCircle_1mm.uexp" 516
"../../../Engine/Plugins/Animation/ControlRig/Content/Controls/ControlRig_Diamond_solid.ubulk" 517
"../../../Engine/Plugins/Animation/ControlRig/Content/Controls/ControlRig_Diamond_solid.uasset" 518
"../../../Engine/Plugins/Animation/ControlRig/Content/Controls/ControlRig_Diamond_solid.uexp" 519
"../../../Engine/Plugins/Animation/ControlRig/Content/Controls/ControlRig_Diamond_3mm.ubulk" 520
"../../../Engine/Plugins/Animation/ControlRig/Content/Controls/ControlRig_Diamond_3mm.uasset" 521
"../../../Engine/Plugins/Animation/ControlRig/Content/Controls/ControlRig_Diamond_3mm.uexp" 522
"../../../Engine/Plugins/Animation/ControlRig/Content/Controls/ControlRig_Diamond_1mm.ubulk" 523
"../../../Engine/Plugins/Animation/ControlRig/Content/Controls/ControlRig_Diamond_1mm.uasset" 524
"../../../Engine/Plugins/Animation/ControlRig/Content/Controls/ControlRig_Diamond_1mm.uexp" 525
"../../../Engine/Plugins/Animation/ControlRig/Content/Controls/ControlRig_Circle_solid.ubulk" 526
"../../../Engine/Plugins/Animation/ControlRig/Content/Controls/ControlRig_Circle_solid.uasset" 527
"../../../Engine/Plugins/Animation/ControlRig/Content/Controls/ControlRig_Circle_solid.uexp" 528
"../../../Engine/Plugins/Animation/ControlRig/Content/Controls/ControlRig_Circle_3mm.ubulk" 529
"../../../Engine/Plugins/Animation/ControlRig/Content/Controls/ControlRig_Circle_3mm.uasset" 530
"../../../Engine/Plugins/Animation/ControlRig/Content/Controls/ControlRig_Circle_3mm.uexp" 531
"../../../Engine/Plugins/Animation/ControlRig/Content/Controls/ControlRig_Circle_1mm.ubulk" 532
"../../../Engine/Plugins/Animation/ControlRig/Content/Controls/ControlRig_Circle_1mm.uasset" 533
"../../../Engine/Plugins/Animation/ControlRig/Content/Controls/ControlRig_Circle_1mm.uexp" 534
"../../../Engine/Plugins/Animation/ControlRig/Content/Controls/ControlRig_Box_solid.ubulk" 535
"../../../Engine/Plugins/Animation/ControlRig/Content/Controls/ControlRig_Box_solid.uasset" 536
"../../../Engine/Plugins/Animation/ControlRig/Content/Controls/ControlRig_Box_solid.uexp" 537
"../../../Engine/Plugins/Animation/ControlRig/Content/Controls/ControlRig_Box_3mm.ubulk" 538
"../../../Engine/Plugins/Animation/ControlRig/Content/Controls/ControlRig_Box_3mm.uasset" 539
"../../../Engine/Plugins/Animation/ControlRig/Content/Controls/ControlRig_Box_3mm.uexp" 540
"../../../Engine/Plugins/Animation/ControlRig/Content/Controls/ControlRig_Box_1mm.ubulk" 541
"../../../Engine/Plugins/Animation/ControlRig/Content/Controls/ControlRig_Box_1mm.uasset" 542
"../../../Engine/Plugins/Animation/ControlRig/Content/Controls/ControlRig_Box_1mm.uexp" 543
"../../../Engine/Plugins/Animation/ControlRig/Content/Controls/ControlRig_Arrow_solid.ubulk" 544
"../../../Engine/Plugins/Animation/ControlRig/Content/Controls/ControlRig_Arrow_solid.uasset" 545
"../../../Engine/Plugins/Animation/ControlRig/Content/Controls/ControlRig_Arrow_solid.uexp" 546
"../../../Engine/Plugins/Animation/ControlRig/Content/Controls/ControlRig_Arrow_3mm.ubulk" 547
"../../../Engine/Plugins/Animation/ControlRig/Content/Controls/ControlRig_Arrow_3mm.uasset" 548
"../../../Engine/Plugins/Animation/ControlRig/Content/Controls/ControlRig_Arrow_3mm.uexp" 549
"../../../Engine/Plugins/Animation/ControlRig/Content/Controls/ControlRig_Arrow_1mm.ubulk" 550
"../../../Engine/Plugins/Animation/ControlRig/Content/Controls/ControlRig_Arrow_1mm.uasset" 551
"../../../Engine/Plugins/Animation/ControlRig/Content/Controls/ControlRig_Arrow_1mm.uexp" 552
"../../../Engine/Plugins/Animation/ControlRig/Content/Controls/ControlRig_Arrow4_solid.ubulk" 553
"../../../Engine/Plugins/Animation/ControlRig/Content/Controls/ControlRig_Arrow4_solid.uasset" 554
"../../../Engine/Plugins/Animation/ControlRig/Content/Controls/ControlRig_Arrow4_solid.uexp" 555
"../../../Engine/Plugins/Animation/ControlRig/Content/Controls/ControlRig_Arrow4_3mm.ubulk" 556
"../../../Engine/Plugins/Animation/ControlRig/Content/Controls/ControlRig_Arrow4_3mm.uasset" 557
"../../../Engine/Plugins/Animation/ControlRig/Content/Controls/ControlRig_Arrow4_3mm.uexp" 558
"../../../Engine/Plugins/Animation/ControlRig/Content/Controls/ControlRig_Arrow4_1mm.ubulk" 559
"../../../Engine/Plugins/Animation/ControlRig/Content/Controls/ControlRig_Arrow4_1mm.uasset" 560
"../../../Engine/Plugins/Animation/ControlRig/Content/Controls/ControlRig_Arrow4_1mm.uexp" 561
"../../../Engine/Plugins/Animation/ControlRig/Content/Controls/ControlRig_Arrow2_solid.ubulk" 562
"../../../Engine/Plugins/Animation/ControlRig/Content/Controls/ControlRig_Arrow2_solid.uasset" 563
"../../../Engine/Plugins/Animation/ControlRig/Content/Controls/ControlRig_Arrow2_solid.uexp" 564
"../../../Engine/Plugins/Animation/ControlRig/Content/Controls/ControlRig_Arrow2_3mm.ubulk" 565
"../../../Engine/Plugins/Animation/ControlRig/Content/Controls/ControlRig_Arrow2_3mm.uasset" 566
"../../../Engine/Plugins/Animation/ControlRig/Content/Controls/ControlRig_Arrow2_3mm.uexp" 567
"../../../Engine/Plugins/Animation/ControlRig/Content/Controls/ControlRig_Arrow2_1mm.ubulk" 568
"../../../Engine/Plugins/Animation/ControlRig/Content/Controls/ControlRig_Arrow2_1mm.uasset" 569
"../../../Engine/Plugins/Animation/ControlRig/Content/Controls/ControlRig_Arrow2_1mm.uexp" 570
"../../../Engine/Plugins/Animation/ControlRig/Content/Controls/ControlRigXRayMaterial.uasset" 571
"../../../Engine/Plugins/Animation/ControlRig/Content/Controls/ControlRigXRayMaterial.uexp" 572
"../../../Engine/Plugins/Animation/ControlRig/Content/Controls/ControlRigGizmoMaterial.uasset" 573
"../../../Engine/Plugins/Animation/ControlRig/Content/Controls/ControlRigGizmoMaterial.uexp" 574
"../../../Engine/Plugins/Editor/SpeedTreeImporter/Content/SpeedTree9/game_wind_noise.ubulk" 575
"../../../Engine/Plugins/Editor/SpeedTreeImporter/Content/SpeedTree9/game_wind_noise.uasset" 576
"../../../Engine/Plugins/Editor/SpeedTreeImporter/Content/SpeedTree9/game_wind_noise.uexp" 577
"../../../Engine/Plugins/Editor/SpeedTreeImporter/Content/SpeedTree9/UnpackDirection.uasset" 578
"../../../Engine/Plugins/Editor/SpeedTreeImporter/Content/SpeedTree9/UnpackDirection.uexp" 579
"../../../Engine/Content/Functions/Engine_MaterialFunctions02/ObjectLocalBounds.uasset" 580
"../../../Engine/Content/Functions/Engine_MaterialFunctions02/ObjectLocalBounds.uexp" 581
"../../../Engine/Content/Functions/Engine_MaterialFunctions02/UVs/BoundingBoxBased_0-1_UVW.uasset" 582
"../../../Engine/Content/Functions/Engine_MaterialFunctions02/UVs/BoundingBoxBased_0-1_UVW.uexp" 583
"../../../Engine/Content/Functions/Engine_MaterialFunctions02/Utility/VectorLength.uasset" 584
"../../../Engine/Content/Functions/Engine_MaterialFunctions02/Utility/VectorLength.uexp" 585
"../../../Engine/Plugins/Editor/SpeedTreeImporter/Content/SpeedTree9/UnpackInteger3.uasset" 586
"../../../Engine/Plugins/Editor/SpeedTreeImporter/Content/SpeedTree9/UnpackInteger3.uexp" 587
"../../../Engine/Plugins/Editor/SpeedTreeImporter/Content/SpeedTree9/SpeedTreeCameraFacing.uasset" 588
"../../../Engine/Plugins/Editor/SpeedTreeImporter/Content/SpeedTree9/SpeedTreeCameraFacing.uexp" 589
"../../../Engine/Content/Functions/Engine_MaterialFunctions02/WorldPositionOffset/ObjectScale.uasset" 590
"../../../Engine/Content/Functions/Engine_MaterialFunctions02/WorldPositionOffset/ObjectScale.uexp" 591
"../../../Engine/Content/Functions/Engine_MaterialFunctions02/SafeNormalize.uasset" 592
"../../../Engine/Content/Functions/Engine_MaterialFunctions02/SafeNormalize.uexp" 593
"../../../Engine/Plugins/Editor/SpeedTreeImporter/Content/SpeedTree9/SpeedTreeWindMotion.uasset" 594
"../../../Engine/Plugins/Editor/SpeedTreeImporter/Content/SpeedTree9/SpeedTreeWindMotion.uexp" 595
"../../../Engine/Plugins/Editor/SpeedTreeImporter/Content/SpeedTree9/SpeedTreeBranchMotion.uasset" 596
"../../../Engine/Plugins/Editor/SpeedTreeImporter/Content/SpeedTree9/SpeedTreeBranchMotion.uexp" 597
"../../../Engine/Plugins/Editor/SpeedTreeImporter/Content/SpeedTree9/SpeedTreeWind.uasset" 598
"../../../Engine/Plugins/Editor/SpeedTreeImporter/Content/SpeedTree9/SpeedTreeWind.uexp" 599
"../../../Engine/Plugins/Editor/SpeedTreeImporter/Content/SpeedTree9/EmptyNormal.uasset" 600
"../../../Engine/Plugins/Editor/SpeedTreeImporter/Content/SpeedTree9/EmptyNormal.uexp" 601
"../../../Engine/Plugins/Editor/SpeedTreeImporter/Content/SpeedTree9/Empty.uasset" 602
"../../../Engine/Plugins/Editor/SpeedTreeImporter/Content/SpeedTree9/Empty.uexp" 603
"../../../Engine/Plugins/Editor/SpeedTreeImporter/Content/SpeedTree9/SpeedTreeMaster.uasset" 604
"../../../Engine/Plugins/Editor/SpeedTreeImporter/Content/SpeedTree9/SpeedTreeMaster.uexp" 605
"../../../Engine/Plugins/Editor/SpeedTreeImporter/Content/SpeedTree9/SpeedTreeBillboard.uasset" 606
"../../../Engine/Plugins/Editor/SpeedTreeImporter/Content/SpeedTree9/SpeedTreeBillboard.uexp" 607
"../../../Engine/Plugins/Editor/SpeedTreeImporter/Content/SpeedTree9/SpeedTreeBillboardMaster.uasset" 608
"../../../Engine/Plugins/Editor/SpeedTreeImporter/Content/SpeedTree9/SpeedTreeBillboardMaster.uexp" 609
"../../../Engine/Plugins/Interchange/Runtime/Content/Pipelines/DefaultSceneAssetsPipeline.uasset" 610
"../../../Engine/Plugins/Interchange/Runtime/Content/Pipelines/DefaultSceneAssetsPipeline.uexp" 611
"../../../Engine/Plugins/Interchange/Runtime/Content/Pipelines/DefaultMaterialPipeline.uasset" 612
"../../../Engine/Plugins/Interchange/Runtime/Content/Pipelines/DefaultMaterialPipeline.uexp" 613
"../../../Engine/Content/Functions/Engine_MaterialFunctions02/Texturing/CustomRotator.uasset" 614
"../../../Engine/Content/Functions/Engine_MaterialFunctions02/Texturing/CustomRotator.uexp" 615
"../../../Engine/Content/Functions/Engine_MaterialFunctions02/Texturing/ScreenAlignedPixelToPixelUVs.uasset" 616
"../../../Engine/Content/Functions/Engine_MaterialFunctions02/Texturing/ScreenAlignedPixelToPixelUVs.uexp" 617
"../../../Engine/Plugins/Interchange/Runtime/Content/Utilities/T_Bayer64_Grayscale_64px.uasset" 618
"../../../Engine/Plugins/Interchange/Runtime/Content/Utilities/T_Bayer64_Grayscale_64px.uexp" 619
"../../../Engine/Plugins/Interchange/Runtime/Content/gltf/MaterialFunctions/MF_Temporal_Blur.uasset" 620
"../../../Engine/Plugins/Interchange/Runtime/Content/gltf/MaterialFunctions/MF_Temporal_Blur.uexp" 621
"../../../Engine/Plugins/Interchange/Runtime/Content/gltf/MaterialFunctions/MF_Fresnel_DS.uasset" 622
"../../../Engine/Plugins/Interchange/Runtime/Content/gltf/MaterialFunctions/MF_Fresnel_DS.uexp" 623
"../../../Engine/Plugins/Interchange/Runtime/Content/Functions/MX_Transmission.uasset" 624
"../../../Engine/Plugins/Interchange/Runtime/Content/Functions/MX_Transmission.uexp" 625
"../../../Engine/Plugins/Interchange/Runtime/Content/Functions/MX_StandardSurface.uasset" 626
"../../../Engine/Plugins/Interchange/Runtime/Content/Functions/MX_StandardSurface.uexp" 627
"../../../Engine/Plugins/Interchange/Runtime/Content/Functions/MX_TransmissionSurface.uasset" 628
"../../../Engine/Plugins/Interchange/Runtime/Content/Functions/MX_TransmissionSurface.uexp" 629
"../../../Engine/Content/Functions/Engine_MaterialFunctions02/Math/AddComponents.uasset" 630
"../../../Engine/Content/Functions/Engine_MaterialFunctions02/Math/AddComponents.uexp" 631
"../../../Engine/Content/Functions/Engine_MaterialFunctions02/WorldPositionOffset/V2/ObjectScale.uasset" 632
"../../../Engine/Content/Functions/Engine_MaterialFunctions02/WorldPositionOffset/V2/ObjectScale.uexp" 633
"../../../Engine/Plugins/Interchange/Runtime/Content/gltf/MaterialFunctions/MF_TransmissionOpacity.uasset" 634
"../../../Engine/Plugins/Interchange/Runtime/Content/gltf/MaterialFunctions/MF_TransmissionOpacity.uexp" 635
"../../../Engine/Plugins/Interchange/Runtime/Content/gltf/MaterialFunctions/MF_RotateV2.uasset" 636
"../../../Engine/Plugins/Interchange/Runtime/Content/gltf/MaterialFunctions/MF_RotateV2.uexp" 637
"../../../Engine/Plugins/Interchange/Runtime/Content/gltf/MaterialFunctions/MF_TransformUVs.uasset" 638
"../../../Engine/Plugins/Interchange/Runtime/Content/gltf/MaterialFunctions/MF_TransformUVs.uexp" 639
"../../../Engine/Plugins/Interchange/Runtime/Content/gltf/Textures/T_White_srgb.uasset" 640
"../../../Engine/Plugins/Interchange/Runtime/Content/gltf/Textures/T_White_srgb.uexp" 641
"../../../Engine/Plugins/Interchange/Runtime/Content/gltf/MaterialFunctions/MF_BaseColor.uasset" 642
"../../../Engine/Plugins/Interchange/Runtime/Content/gltf/MaterialFunctions/MF_BaseColor.uexp" 643
"../../../Engine/Plugins/Interchange/Runtime/Content/gltf/MaterialFunctions/MF_DiffuseSpecGloss.uasset" 644
"../../../Engine/Plugins/Interchange/Runtime/Content/gltf/MaterialFunctions/MF_DiffuseSpecGloss.uexp" 645
"../../../Engine/Plugins/Interchange/Runtime/Content/gltf/Textures/T_White_Linear.uasset" 646
"../../../Engine/Plugins/Interchange/Runtime/Content/gltf/Textures/T_White_Linear.uexp" 647
"../../../Engine/Plugins/Interchange/Runtime/Content/gltf/MaterialFunctions/MF_MetallicRoughness.uasset" 648
"../../../Engine/Plugins/Interchange/Runtime/Content/gltf/MaterialFunctions/MF_MetallicRoughness.uexp" 649
"../../../Engine/Plugins/Interchange/Runtime/Content/gltf/MaterialFunctions/MF_Transmission.uasset" 650
"../../../Engine/Plugins/Interchange/Runtime/Content/gltf/MaterialFunctions/MF_Transmission.uexp" 651
"../../../Engine/Plugins/Interchange/Runtime/Content/gltf/MaterialFunctions/MF_Occlusion.uasset" 652
"../../../Engine/Plugins/Interchange/Runtime/Content/gltf/MaterialFunctions/MF_Occlusion.uexp" 653
"../../../Engine/Plugins/Interchange/Runtime/Content/gltf/MaterialFunctions/MF_Specular.uasset" 654
"../../../Engine/Plugins/Interchange/Runtime/Content/gltf/MaterialFunctions/MF_Specular.uexp" 655
"../../../Engine/Plugins/Interchange/Runtime/Content/gltf/MaterialFunctions/MF_IOR.uasset" 656
"../../../Engine/Plugins/Interchange/Runtime/Content/gltf/MaterialFunctions/MF_IOR.uexp" 657
"../../../Engine/Content/Functions/Engine_MaterialFunctions01/Texturing/FlattenNormal.uasset" 658
"../../../Engine/Content/Functions/Engine_MaterialFunctions01/Texturing/FlattenNormal.uexp" 659
"../../../Engine/Content/Functions/Engine_MaterialFunctions02/Math/Transform3x3Matrix.uasset" 660
"../../../Engine/Content/Functions/Engine_MaterialFunctions02/Math/Transform3x3Matrix.uexp" 661
"../../../Engine/Plugins/Interchange/Runtime/Content/gltf/MaterialFunctions/MF_RotateNormals_TS.uasset" 662
"../../../Engine/Plugins/Interchange/Runtime/Content/gltf/MaterialFunctions/MF_RotateNormals_TS.uexp" 663
"../../../Engine/Plugins/Interchange/Runtime/Content/gltf/Textures/T_Generic_N.uasset" 664
"../../../Engine/Plugins/Interchange/Runtime/Content/gltf/Textures/T_Generic_N.uexp" 665
"../../../Engine/Plugins/Interchange/Runtime/Content/gltf/MaterialFunctions/MF_Normals.uasset" 666
"../../../Engine/Plugins/Interchange/Runtime/Content/gltf/MaterialFunctions/MF_Normals.uexp" 667
"../../../Engine/Plugins/Interchange/Runtime/Content/gltf/MaterialFunctions/MF_PerceivedBrightness.uasset" 668
"../../../Engine/Plugins/Interchange/Runtime/Content/gltf/MaterialFunctions/MF_PerceivedBrightness.uexp" 669
"../../../Engine/Plugins/Interchange/Runtime/Content/gltf/MaterialFunctions/MF_SpecGlossToMetalRoughness.uasset" 670
"../../../Engine/Plugins/Interchange/Runtime/Content/gltf/MaterialFunctions/MF_SpecGlossToMetalRoughness.uexp" 671
"../../../Engine/Plugins/Interchange/Runtime/Content/gltf/M_Transmission.uasset" 672
"../../../Engine/Plugins/Interchange/Runtime/Content/gltf/M_Transmission.uexp" 673
"../../../Engine/Plugins/Interchange/Runtime/Content/gltf/MaterialInstances_MR/MI_Transmission_TS.uasset" 674
"../../../Engine/Plugins/Interchange/Runtime/Content/gltf/MaterialInstances_MR/MI_Transmission_TS.uexp" 675
"../../../Engine/Plugins/Interchange/Runtime/Content/gltf/MaterialInstances_MR/MI_Transmission.uasset" 676
"../../../Engine/Plugins/Interchange/Runtime/Content/gltf/MaterialInstances_MR/MI_Transmission.uexp" 677
"../../../Engine/Plugins/Interchange/Runtime/Content/gltf/MaterialFunctions/MF_Clearcoat.uasset" 678
"../../../Engine/Plugins/Interchange/Runtime/Content/gltf/MaterialFunctions/MF_Clearcoat.uexp" 679
"../../../Engine/Plugins/Interchange/Runtime/Content/gltf/MaterialFunctions/MF_Emissive.uasset" 680
"../../../Engine/Plugins/Interchange/Runtime/Content/gltf/MaterialFunctions/MF_Emissive.uexp" 681
"../../../Engine/Plugins/Interchange/Runtime/Content/gltf/M_Translucent.uasset" 682
"../../../Engine/Plugins/Interchange/Runtime/Content/gltf/M_Translucent.uexp" 683
"../../../Engine/Plugins/Interchange/Runtime/Content/gltf/MaterialInstances_MR/MI_Translucent_TS.uasset" 684
"../../../Engine/Plugins/Interchange/Runtime/Content/gltf/MaterialInstances_MR/MI_Translucent_TS.uexp" 685
"../../../Engine/Plugins/Interchange/Runtime/Content/gltf/MaterialInstances_MR/MI_Translucent_ClearCoat_TS.uasset" 686
"../../../Engine/Plugins/Interchange/Runtime/Content/gltf/MaterialInstances_MR/MI_Translucent_ClearCoat_TS.uexp" 687
"../../../Engine/Plugins/Interchange/Runtime/Content/gltf/MaterialInstances_MR/MI_Translucent_ClearCoat.uasset" 688
"../../../Engine/Plugins/Interchange/Runtime/Content/gltf/MaterialInstances_MR/MI_Translucent_ClearCoat.uexp" 689
"../../../Engine/Plugins/Interchange/Runtime/Content/gltf/MaterialInstances_MR/MI_Translucent.uasset" 690
"../../../Engine/Plugins/Interchange/Runtime/Content/gltf/MaterialInstances_MR/MI_Translucent.uexp" 691
"../../../Engine/Plugins/Interchange/Runtime/Content/gltf/M_Unlit.uasset" 692
"../../../Engine/Plugins/Interchange/Runtime/Content/gltf/M_Unlit.uexp" 693
"../../../Engine/Plugins/Interchange/Runtime/Content/gltf/MaterialInstances_MR/MI_Opaque_Unlit_TS.uasset" 694
"../../../Engine/Plugins/Interchange/Runtime/Content/gltf/MaterialInstances_MR/MI_Opaque_Unlit_TS.uexp" 695
"../../../Engine/Plugins/Interchange/Runtime/Content/gltf/MaterialInstances_MR/MI_Opaque_Unlit.uasset" 696
"../../../Engine/Plugins/Interchange/Runtime/Content/gltf/MaterialInstances_MR/MI_Opaque_Unlit.uexp" 697
"../../../Engine/Plugins/Interchange/Runtime/Content/gltf/M_Opaque.uasset" 698
"../../../Engine/Plugins/Interchange/Runtime/Content/gltf/M_Opaque.uexp" 699
"../../../Engine/Plugins/Interchange/Runtime/Content/gltf/MaterialInstances_MR/MI_Opaque_TS.uasset" 700
"../../../Engine/Plugins/Interchange/Runtime/Content/gltf/MaterialInstances_MR/MI_Opaque_TS.uexp" 701
"../../../Engine/Plugins/Interchange/Runtime/Content/gltf/MaterialFunctions/MF_Sheen.uasset" 702
"../../../Engine/Plugins/Interchange/Runtime/Content/gltf/MaterialFunctions/MF_Sheen.uexp" 703
"../../../Engine/Content/Functions/Engine_MaterialFunctions01/Shading/FuzzyShading.uasset" 704
"../../../Engine/Content/Functions/Engine_MaterialFunctions01/Shading/FuzzyShading.uexp" 705
"../../../Engine/Plugins/Interchange/Runtime/Content/gltf/M_Sheen.uasset" 706
"../../../Engine/Plugins/Interchange/Runtime/Content/gltf/M_Sheen.uexp" 707
"../../../Engine/Plugins/Interchange/Runtime/Content/gltf/MaterialInstances_MR/MI_Opaque_Sheen_TS.uasset" 708
"../../../Engine/Plugins/Interchange/Runtime/Content/gltf/MaterialInstances_MR/MI_Opaque_Sheen_TS.uexp" 709
"../../../Engine/Plugins/Interchange/Runtime/Content/gltf/MaterialInstances_MR/MI_Opaque_Sheen.uasset" 710
"../../../Engine/Plugins/Interchange/Runtime/Content/gltf/MaterialInstances_MR/MI_Opaque_Sheen.uexp" 711
"../../../Engine/Plugins/Interchange/Runtime/Content/gltf/MaterialInstances_MR/MI_Opaque_ClearCoat_TS.uasset" 712
"../../../Engine/Plugins/Interchange/Runtime/Content/gltf/MaterialInstances_MR/MI_Opaque_ClearCoat_TS.uexp" 713
"../../../Engine/Plugins/Interchange/Runtime/Content/gltf/MaterialInstances_MR/MI_Opaque_ClearCoat.uasset" 714
"../../../Engine/Plugins/Interchange/Runtime/Content/gltf/MaterialInstances_MR/MI_Opaque_ClearCoat.uexp" 715
"../../../Engine/Plugins/Interchange/Runtime/Content/gltf/MaterialInstances_MR/MI_Opaque.uasset" 716
"../../../Engine/Plugins/Interchange/Runtime/Content/gltf/MaterialInstances_MR/MI_Opaque.uexp" 717
"../../../Engine/Plugins/Interchange/Runtime/Content/gltf/MaterialInstances_SG/MI_Transmission_TS.uasset" 718
"../../../Engine/Plugins/Interchange/Runtime/Content/gltf/MaterialInstances_SG/MI_Transmission_TS.uexp" 719
"../../../Engine/Plugins/Interchange/Runtime/Content/gltf/MaterialInstances_SG/MI_Transmission.uasset" 720
"../../../Engine/Plugins/Interchange/Runtime/Content/gltf/MaterialInstances_SG/MI_Transmission.uexp" 721
"../../../Engine/Plugins/Interchange/Runtime/Content/gltf/MaterialInstances_SG/MI_Translucent_TS.uasset" 722
"../../../Engine/Plugins/Interchange/Runtime/Content/gltf/MaterialInstances_SG/MI_Translucent_TS.uexp" 723
"../../../Engine/Plugins/Interchange/Runtime/Content/gltf/MaterialInstances_SG/MI_Translucent_ClearCoat_TS.uasset" 724
"../../../Engine/Plugins/Interchange/Runtime/Content/gltf/MaterialInstances_SG/MI_Translucent_ClearCoat_TS.uexp" 725
"../../../Engine/Plugins/Interchange/Runtime/Content/gltf/MaterialInstances_SG/MI_Translucent_ClearCoat.uasset" 726
"../../../Engine/Plugins/Interchange/Runtime/Content/gltf/MaterialInstances_SG/MI_Translucent_ClearCoat.uexp" 727
"../../../Engine/Plugins/Interchange/Runtime/Content/gltf/MaterialInstances_SG/MI_Translucent.uasset" 728
"../../../Engine/Plugins/Interchange/Runtime/Content/gltf/MaterialInstances_SG/MI_Translucent.uexp" 729
"../../../Engine/Plugins/Interchange/Runtime/Content/gltf/MaterialInstances_SG/MI_Opaque_TS.uasset" 730
"../../../Engine/Plugins/Interchange/Runtime/Content/gltf/MaterialInstances_SG/MI_Opaque_TS.uexp" 731
"../../../Engine/Plugins/Interchange/Runtime/Content/gltf/MaterialInstances_SG/MI_Opaque_Sheen_TS.uasset" 732
"../../../Engine/Plugins/Interchange/Runtime/Content/gltf/MaterialInstances_SG/MI_Opaque_Sheen_TS.uexp" 733
"../../../Engine/Plugins/Interchange/Runtime/Content/gltf/MaterialInstances_SG/MI_Opaque_Sheen.uasset" 734
"../../../Engine/Plugins/Interchange/Runtime/Content/gltf/MaterialInstances_SG/MI_Opaque_Sheen.uexp" 735
"../../../Engine/Plugins/Interchange/Runtime/Content/gltf/MaterialInstances_SG/MI_Opaque_ClearCoat_TS.uasset" 736
"../../../Engine/Plugins/Interchange/Runtime/Content/gltf/MaterialInstances_SG/MI_Opaque_ClearCoat_TS.uexp" 737
"../../../Engine/Plugins/Interchange/Runtime/Content/gltf/MaterialInstances_SG/MI_Opaque_ClearCoat.uasset" 738
"../../../Engine/Plugins/Interchange/Runtime/Content/gltf/MaterialInstances_SG/MI_Opaque_ClearCoat.uexp" 739
"../../../Engine/Plugins/Interchange/Runtime/Content/gltf/MaterialInstances_SG/MI_Opaque.uasset" 740
"../../../Engine/Plugins/Interchange/Runtime/Content/gltf/MaterialInstances_SG/MI_Opaque.uexp" 741
"../../../Engine/Content/BasicShapes/Cube.ubulk" 742
"../../../Engine/Content/BasicShapes/Cube.uasset" 743
"../../../Engine/Content/BasicShapes/Cube.uexp" 744
"../../../Engine/Content/Animation/DefaultAnimCurveCompressionSettings.uasset" 745
"../../../Engine/Content/Animation/DefaultAnimCurveCompressionSettings.uexp" 746
"F:/code/shooter.sb/Content/ExternalContentGame/Characters/AlienPerc_Skeleton.uasset" 747
"F:/code/shooter.sb/Content/ExternalContentGame/Characters/AlienPerc_Skeleton.uexp" 748
"../../../Engine/Content/Animation/DefaultAnimBoneCompressionSettings.uasset" 749
"../../../Engine/Content/Animation/DefaultAnimBoneCompressionSettings.uexp" 750
"F:/code/shooter.sb/Content/ExternalContentGame/Animations/DopANIM/Reloadddd_Anim_Armature_ArmatureAction.uasset" 751
"F:/code/shooter.sb/Content/ExternalContentGame/Animations/DopANIM/Reloadddd_Anim_Armature_ArmatureAction.uexp" 752
"F:/code/shooter.sb/Content/Player/Char_Animations/AM_Equip.uasset" 753
"F:/code/shooter.sb/Content/Player/Char_Animations/AM_Equip.uexp" 754
"F:/code/shooter.sb/Content/ExternalContentGame/Animations/Idle_Aiming_Anim.uasset" 755
"F:/code/shooter.sb/Content/ExternalContentGame/Animations/Idle_Aiming_Anim.uexp" 756
"F:/code/shooter.sb/Content/ExternalContentGame/Animations/DopANIM/NEWOffsetUPRight_Anim.uasset" 757
"F:/code/shooter.sb/Content/ExternalContentGame/Animations/DopANIM/NEWOffsetUPRight_Anim.uexp" 758
"F:/code/shooter.sb/Content/ExternalContentGame/Animations/DopANIM/NEWOffset_Anim.uasset" 759
"F:/code/shooter.sb/Content/ExternalContentGame/Animations/DopANIM/NEWOffset_Anim.uexp" 760
"F:/code/shooter.sb/Content/ExternalContentGame/Animations/DopANIM/NEWOffsetDown_Anim.uasset" 761
"F:/code/shooter.sb/Content/ExternalContentGame/Animations/DopANIM/NEWOffsetDown_Anim.uexp" 762
"F:/code/shooter.sb/Content/ExternalContentGame/Animations/DopANIM/NEWOffsetRight_Anim.uasset" 763
"F:/code/shooter.sb/Content/ExternalContentGame/Animations/DopANIM/NEWOffsetRight_Anim.uexp" 764
"F:/code/shooter.sb/Content/ExternalContentGame/Animations/DopANIM/NEWOffsetUPLeft_Anim.uasset" 765
"F:/code/shooter.sb/Content/ExternalContentGame/Animations/DopANIM/NEWOffsetUPLeft_Anim.uexp" 766
"F:/code/shooter.sb/Content/ExternalContentGame/Animations/DopANIM/NEWOffsetUP_Anim.uasset" 767
"F:/code/shooter.sb/Content/ExternalContentGame/Animations/DopANIM/NEWOffsetUP_Anim.uexp" 768
"F:/code/shooter.sb/Content/ExternalContentGame/Animations/DopANIM/NEWOffsetLeftDown_Anim.uasset" 769
"F:/code/shooter.sb/Content/ExternalContentGame/Animations/DopANIM/NEWOffsetLeftDown_Anim.uexp" 770
"F:/code/shooter.sb/Content/Player/Char_Animations/AO_AlienPerc.uasset" 771
"F:/code/shooter.sb/Content/Player/Char_Animations/AO_AlienPerc.uexp" 772
"F:/code/shooter.sb/Content/ExternalContentGame/Animations/JumpingLoop_Anim.uasset" 773
"F:/code/shooter.sb/Content/ExternalContentGame/Animations/JumpingLoop_Anim.uexp" 774
"F:/code/shooter.sb/Content/ExternalContentGame/Animations/Jumping_Down_Anim.uasset" 775
"F:/code/shooter.sb/Content/ExternalContentGame/Animations/Jumping_Down_Anim.uexp" 776
"F:/code/shooter.sb/Content/ExternalContentGame/Animations/Running_Anim.uasset" 777
"F:/code/shooter.sb/Content/ExternalContentGame/Animations/Running_Anim.uexp" 778
"F:/code/shooter.sb/Content/Player/Char_Animations/BP_LocoMotion_Run.uasset" 779
"F:/code/shooter.sb/Content/Player/Char_Animations/BP_LocoMotion_Run.uexp" 780
"F:/code/shooter.sb/Content/ExternalContentGame/Animations/Run_Backward_Anim.uasset" 781
"F:/code/shooter.sb/Content/ExternalContentGame/Animations/Run_Backward_Anim.uexp" 782
"F:/code/shooter.sb/Content/ExternalContentGame/Animations/Run_Left_Anim.uasset" 783
"F:/code/shooter.sb/Content/ExternalContentGame/Animations/Run_Left_Anim.uexp" 784
"F:/code/shooter.sb/Content/ExternalContentGame/Animations/Run_Forward_Anim.uasset" 785
"F:/code/shooter.sb/Content/ExternalContentGame/Animations/Run_Forward_Anim.uexp" 786
"F:/code/shooter.sb/Content/ExternalContentGame/Animations/Run_Right_Anim.uasset" 787
"F:/code/shooter.sb/Content/ExternalContentGame/Animations/Run_Right_Anim.uexp" 788
"F:/code/shooter.sb/Content/Player/Char_Animations/BP_LocoMotion_Walk.uasset" 789
"F:/code/shooter.sb/Content/Player/Char_Animations/BP_LocoMotion_Walk.uexp" 790
"F:/code/shooter.sb/Content/ExternalContentGame/Animations/JumpStart_Anim.uasset" 791
"F:/code/shooter.sb/Content/ExternalContentGame/Animations/JumpStart_Anim.uexp" 792
"F:/code/shooter.sb/Content/Player/Char_Animations/ABP_AlienPerc.uasset" 793
"F:/code/shooter.sb/Content/Player/Char_Animations/ABP_AlienPerc.uexp" 794
"F:/code/shooter.sb/Content/PhysMaterials/PhysMat_Body.uasset" 795
"F:/code/shooter.sb/Content/PhysMaterials/PhysMat_Body.uexp" 796
"F:/code/shooter.sb/Content/PhysMaterials/PhysMat_Head.uasset" 797
"F:/code/shooter.sb/Content/PhysMaterials/PhysMat_Head.uexp" 798
"F:/code/shooter.sb/Content/ExternalContentGame/Characters/AlienPerc_PhysicsAsset.uasset" 799
"F:/code/shooter.sb/Content/ExternalContentGame/Characters/AlienPerc_PhysicsAsset.uexp" 800
"F:/code/shooter.sb/Content/ExternalContentGame/Characters/Textures/Ch44_1002_Specular.ubulk" 801
"F:/code/shooter.sb/Content/ExternalContentGame/Characters/Textures/Ch44_1002_Specular.uasset" 802
"F:/code/shooter.sb/Content/ExternalContentGame/Characters/Textures/Ch44_1002_Specular.uexp" 803
"F:/code/shooter.sb/Content/ExternalContentGame/Characters/Textures/Ch44_1001_Glossiness.ubulk" 804
"F:/code/shooter.sb/Content/ExternalContentGame/Characters/Textures/Ch44_1001_Glossiness.uasset" 805
"F:/code/shooter.sb/Content/ExternalContentGame/Characters/Textures/Ch44_1001_Glossiness.uexp" 806
"F:/code/shooter.sb/Content/ExternalContentGame/Characters/Textures/Ch44_1002_Diffuse.ubulk" 807
"F:/code/shooter.sb/Content/ExternalContentGame/Characters/Textures/Ch44_1002_Diffuse.uasset" 808
"F:/code/shooter.sb/Content/ExternalContentGame/Characters/Textures/Ch44_1002_Diffuse.uexp" 809
"F:/code/shooter.sb/Content/ExternalContentGame/Characters/Textures/Ch44_1002_Glossiness.ubulk" 810
"F:/code/shooter.sb/Content/ExternalContentGame/Characters/Textures/Ch44_1002_Glossiness.uasset" 811
"F:/code/shooter.sb/Content/ExternalContentGame/Characters/Textures/Ch44_1002_Glossiness.uexp" 812
"F:/code/shooter.sb/Content/ExternalContentGame/Characters/Textures/Ch44_1002_Emissive.ubulk" 813
"F:/code/shooter.sb/Content/ExternalContentGame/Characters/Textures/Ch44_1002_Emissive.uasset" 814
"F:/code/shooter.sb/Content/ExternalContentGame/Characters/Textures/Ch44_1002_Emissive.uexp" 815
"F:/code/shooter.sb/Content/ExternalContentGame/Characters/Textures/Ch44_1002_Normal.ubulk" 816
"F:/code/shooter.sb/Content/ExternalContentGame/Characters/Textures/Ch44_1002_Normal.uasset" 817
"F:/code/shooter.sb/Content/ExternalContentGame/Characters/Textures/Ch44_1002_Normal.uexp" 818
"F:/code/shooter.sb/Content/ExternalContentGame/Characters/Materials/Ch44_Body.uasset" 819
"F:/code/shooter.sb/Content/ExternalContentGame/Characters/Materials/Ch44_Body.uexp" 820
"F:/code/shooter.sb/Content/ExternalContentGame/Characters/Materials/M_AIAlienPerc.uasset" 821
"F:/code/shooter.sb/Content/ExternalContentGame/Characters/Materials/M_AIAlienPerc.uexp" 822
"F:/code/shooter.sb/Content/ExternalContentGame/Characters/Textures/Ch44_1001_Normal.ubulk" 823
"F:/code/shooter.sb/Content/ExternalContentGame/Characters/Textures/Ch44_1001_Normal.uasset" 824
"F:/code/shooter.sb/Content/ExternalContentGame/Characters/Textures/Ch44_1001_Normal.uexp" 825
"F:/code/shooter.sb/Content/ExternalContentGame/Characters/Textures/Ch44_1001_Diffuse.ubulk" 826
"F:/code/shooter.sb/Content/ExternalContentGame/Characters/Textures/Ch44_1001_Diffuse.uasset" 827
"F:/code/shooter.sb/Content/ExternalContentGame/Characters/Textures/Ch44_1001_Diffuse.uexp" 828
"F:/code/shooter.sb/Content/ExternalContentGame/Characters/Textures/Ch44_1001_Emissive.ubulk" 829
"F:/code/shooter.sb/Content/ExternalContentGame/Characters/Textures/Ch44_1001_Emissive.uasset" 830
"F:/code/shooter.sb/Content/ExternalContentGame/Characters/Textures/Ch44_1001_Emissive.uexp" 831
"F:/code/shooter.sb/Content/ExternalContentGame/Characters/Textures/Ch44_1001_Specular.ubulk" 832
"F:/code/shooter.sb/Content/ExternalContentGame/Characters/Textures/Ch44_1001_Specular.uasset" 833
"F:/code/shooter.sb/Content/ExternalContentGame/Characters/Textures/Ch44_1001_Specular.uexp" 834
"F:/code/shooter.sb/Content/ExternalContentGame/Characters/Materials/Ch44_body1.uasset" 835
"F:/code/shooter.sb/Content/ExternalContentGame/Characters/Materials/Ch44_body1.uexp" 836
"F:/code/shooter.sb/Content/ExternalContentGame/Characters/Materials/Ch44_body1_Inst.uasset" 837
"F:/code/shooter.sb/Content/ExternalContentGame/Characters/Materials/Ch44_body1_Inst.uexp" 838
"F:/code/shooter.sb/Content/ExternalContentGame/Characters/AlienPerc.uasset" 839
"F:/code/shooter.sb/Content/ExternalContentGame/Characters/AlienPerc.uexp" 840
"F:/code/shooter.sb/Content/ExternalContentGame/Animations/Reloading_Anim_mixamo_com.uasset" 841
"F:/code/shooter.sb/Content/ExternalContentGame/Animations/Reloading_Anim_mixamo_com.uexp" 842
"F:/code/shooter.sb/Content/Player/Char_Animations/AM_Reload.uasset" 843
"F:/code/shooter.sb/Content/Player/Char_Animations/AM_Reload.uexp" 844
"F:/code/shooter.sb/Content/GUN/Granade/RigGrenade_Launcher_Skeleton.uasset" 845
"F:/code/shooter.sb/Content/GUN/Granade/RigGrenade_Launcher_Skeleton.uexp" 846
"F:/code/shooter.sb/Content/GUN/Granade/navy-digital-camo.uasset" 847
"F:/code/shooter.sb/Content/GUN/Granade/navy-digital-camo.uexp" 848
"F:/code/shooter.sb/Content/GUN/Granade/Mat_007.uasset" 849
"F:/code/shooter.sb/Content/GUN/Granade/Mat_007.uexp" 850
"F:/code/shooter.sb/Content/GUN/Granade/RigGrenade_Launcher.uasset" 851
"F:/code/shooter.sb/Content/GUN/Granade/RigGrenade_Launcher.uexp" 852
"F:/code/shooter.sb/Content/UI/Images/Launcher.uasset" 853
"F:/code/shooter.sb/Content/UI/Images/Launcher.uexp" 854
"../../../Engine/Content/BasicShapes/Sphere.ubulk" 855
"../../../Engine/Content/BasicShapes/Sphere.uasset" 856
"../../../Engine/Content/BasicShapes/Sphere.uexp" 857
"../../../Engine/Plugins/FX/Niagara/Content/Enums/ENiagaraSphereDistributionMode.uasset" 858
"../../../Engine/Plugins/FX/Niagara/Content/Enums/ENiagaraSphereDistributionMode.uexp" 859
"../../../Engine/Plugins/FX/Niagara/Content/Enums/ENiagaraTorusDistributionMode.uasset" 860
"../../../Engine/Plugins/FX/Niagara/Content/Enums/ENiagaraTorusDistributionMode.uexp" 861
"../../../Engine/Plugins/FX/Niagara/Content/Enums/ENiagaraRandomnessMode.uasset" 862
"../../../Engine/Plugins/FX/Niagara/Content/Enums/ENiagaraRandomnessMode.uexp" 863
"../../../Engine/Plugins/FX/Niagara/Content/Enums/ENiagaraRandomnessEvaluation.uasset" 864
"../../../Engine/Plugins/FX/Niagara/Content/Enums/ENiagaraRandomnessEvaluation.uexp" 865
"../../../Engine/Plugins/FX/Niagara/Content/Enums/Location/ENiagara_LocationShapes.uasset" 866
"../../../Engine/Plugins/FX/Niagara/Content/Enums/Location/ENiagara_LocationShapes.uexp" 867
"../../../Engine/Plugins/FX/Niagara/Content/Enums/ENiagara_MassInitializationMode.uasset" 868
"../../../Engine/Plugins/FX/Niagara/Content/Enums/ENiagara_MassInitializationMode.uexp" 869
"../../../Engine/Plugins/FX/Niagara/Content/Enums/Location/ENiagara_CylinderMode.uasset" 870
"../../../Engine/Plugins/FX/Niagara/Content/Enums/Location/ENiagara_CylinderMode.uexp" 871
"../../../Engine/Plugins/FX/Niagara/Content/DefaultAssets/DefaultSpriteMaterial.uasset" 872
"../../../Engine/Plugins/FX/Niagara/Content/DefaultAssets/DefaultSpriteMaterial.uexp" 873
"../../../Engine/Plugins/FX/Niagara/Content/Enums/ENiagara_PositionInitializationMode.uasset" 874
"../../../Engine/Plugins/FX/Niagara/Content/Enums/ENiagara_PositionInitializationMode.uexp" 875
"../../../Engine/Plugins/FX/Niagara/Content/Icons/Modules/T_Icon_Solver_LimitSpeed.uasset" 876
"../../../Engine/Plugins/FX/Niagara/Content/Icons/Modules/T_Icon_Solver_LimitSpeed.uexp" 877
"../../../Engine/Plugins/FX/Niagara/Content/Icons/Modules/T_Icon_Solver_RotationalSolve.uasset" 878
"../../../Engine/Plugins/FX/Niagara/Content/Icons/Modules/T_Icon_Solver_RotationalSolve.uexp" 879
"../../../Engine/Plugins/FX/Niagara/Content/Icons/Modules/T_Icon_Solver_LimitAccel.uasset" 880
"../../../Engine/Plugins/FX/Niagara/Content/Icons/Modules/T_Icon_Solver_LimitAccel.uexp" 881
"../../../Engine/Plugins/FX/Niagara/Content/DefaultAssets/M_Gnomon_Alpha.uasset" 882
"../../../Engine/Plugins/FX/Niagara/Content/DefaultAssets/M_Gnomon_Alpha.uexp" 883
"../../../Engine/Plugins/FX/Niagara/Content/Enums/ENiagaraScaleColorMode.uasset" 884
"../../../Engine/Plugins/FX/Niagara/Content/Enums/ENiagaraScaleColorMode.uexp" 885
"../../../Engine/Plugins/FX/Niagara/Content/Enums/ENiagara_SizeScaleMode.uasset" 886
"../../../Engine/Plugins/FX/Niagara/Content/Enums/ENiagara_SizeScaleMode.uexp" 887
"../../../Engine/Plugins/FX/Niagara/Content/Enums/ENiagara_UVFlippingMode.uasset" 888
"../../../Engine/Plugins/FX/Niagara/Content/Enums/ENiagara_UVFlippingMode.uexp" 889
"../../../Engine/Plugins/FX/Niagara/Content/Enums/Ribbons/ENiagara_UnsetDirectSetRandom.uasset" 890
"../../../Engine/Plugins/FX/Niagara/Content/Enums/Ribbons/ENiagara_UnsetDirectSetRandom.uexp" 891
"../../../Engine/Plugins/FX/Niagara/Content/Enums/ENiagara_LifetimeMode.uasset" 892
"../../../Engine/Plugins/FX/Niagara/Content/Enums/ENiagara_LifetimeMode.uexp" 893
"../../../Engine/Plugins/FX/Niagara/Content/Enums/Ribbons/ENiagara_UnsetDirectSet.uasset" 894
"../../../Engine/Plugins/FX/Niagara/Content/Enums/Ribbons/ENiagara_UnsetDirectSet.uexp" 895
"../../../Engine/Plugins/FX/Niagara/Content/Enums/ENiagara_SpriteRotationMode.uasset" 896
"../../../Engine/Plugins/FX/Niagara/Content/Enums/ENiagara_SpriteRotationMode.uexp" 897
"../../../Engine/Plugins/FX/Niagara/Content/Enums/ENiagara_ColorInitializationMode.uasset" 898
"../../../Engine/Plugins/FX/Niagara/Content/Enums/ENiagara_ColorInitializationMode.uexp" 899
"../../../Engine/Plugins/FX/Niagara/Content/Enums/ENiagaraChannelCorrelation.uasset" 900
"../../../Engine/Plugins/FX/Niagara/Content/Enums/ENiagaraChannelCorrelation.uexp" 901
"../../../Engine/Plugins/FX/Niagara/Content/Enums/Transforms/ENiagara_ScaleMode.uasset" 902
"../../../Engine/Plugins/FX/Niagara/Content/Enums/Transforms/ENiagara_ScaleMode.uexp" 903
"../../../Engine/Plugins/FX/Niagara/Content/Enums/Angles/ENiagara_AngleInput.uasset" 904
"../../../Engine/Plugins/FX/Niagara/Content/Enums/Angles/ENiagara_AngleInput.uexp" 905
"../../../Engine/Plugins/FX/Niagara/Content/Enums/Utility/ENiagara_VelocityMode.uasset" 906
"../../../Engine/Plugins/FX/Niagara/Content/Enums/Utility/ENiagara_VelocityMode.uexp" 907
"../../../Engine/Plugins/FX/Niagara/Content/Enums/Transforms/ENiagara_RotationMode.uasset" 908
"../../../Engine/Plugins/FX/Niagara/Content/Enums/Transforms/ENiagara_RotationMode.uexp" 909
"../../../Engine/Plugins/FX/Niagara/Content/Enums/ENiagaraEmitterLifeCycleMode.uasset" 910
"../../../Engine/Plugins/FX/Niagara/Content/Enums/ENiagaraEmitterLifeCycleMode.uexp" 911
"../../../Engine/Plugins/FX/Niagara/Content/Enums/ENiagara_InfiniteLoopDuration.uasset" 912
"../../../Engine/Plugins/FX/Niagara/Content/Enums/ENiagara_InfiniteLoopDuration.uexp" 913
"../../../Engine/Plugins/FX/Niagara/Content/Enums/ENiagara_EmitterStateOptions.uasset" 914
"../../../Engine/Plugins/FX/Niagara/Content/Enums/ENiagara_EmitterStateOptions.uexp" 915
"../../../Engine/Plugins/FX/Niagara/Content/Enums/ENiagaraInactiveMode.uasset" 916
"../../../Engine/Plugins/FX/Niagara/Content/Enums/ENiagaraInactiveMode.uexp" 917
"../../../Engine/Plugins/FX/Niagara/Content/Enums/ENiagaraExecutionStateManagement.uasset" 918
"../../../Engine/Plugins/FX/Niagara/Content/Enums/ENiagaraExecutionStateManagement.uexp" 919
"../../../Engine/Plugins/FX/Niagara/Content/Enums/ENiagaraEmitterScalabilityMode_Limited.uasset" 920
"../../../Engine/Plugins/FX/Niagara/Content/Enums/ENiagaraEmitterScalabilityMode_Limited.uexp" 921
"../../../Engine/Plugins/FX/Niagara/Content/Enums/Location/ENiagara_ConeMode.uasset" 922
"../../../Engine/Plugins/FX/Niagara/Content/Enums/Location/ENiagara_ConeMode.uexp" 923
"../../../Engine/Plugins/FX/Niagara/Content/DefaultAssets/M_Gnomon.uasset" 924
"../../../Engine/Plugins/FX/Niagara/Content/DefaultAssets/M_Gnomon.uexp" 925
"../../../Engine/Plugins/FX/Niagara/Content/DefaultAssets/S_Arrow.ubulk" 926
"../../../Engine/Plugins/FX/Niagara/Content/DefaultAssets/S_Arrow.uasset" 927
"../../../Engine/Plugins/FX/Niagara/Content/DefaultAssets/S_Arrow.uexp" 928
"../../../Engine/Plugins/FX/Niagara/Content/Enums/ENiagaraSystemInactiveMode.uasset" 929
"../../../Engine/Plugins/FX/Niagara/Content/Enums/ENiagaraSystemInactiveMode.uexp" 930
"../../../Engine/Plugins/FX/Niagara/Content/Enums/ENiagara_AttributeSamplingApplyOutput.uasset" 931
"../../../Engine/Plugins/FX/Niagara/Content/Enums/ENiagara_AttributeSamplingApplyOutput.uexp" 932
"../../../Engine/Plugins/FX/Niagara/Content/Enums/Transforms/ENiagara_OffsetMode.uasset" 933
"../../../Engine/Plugins/FX/Niagara/Content/Enums/Transforms/ENiagara_OffsetMode.uexp" 934
"../../../Engine/Plugins/FX/Niagara/Content/Enums/Location/ENiagara_BoxPlaneMode.uasset" 935
"../../../Engine/Plugins/FX/Niagara/Content/Enums/Location/ENiagara_BoxPlaneMode.uexp" 936
"../../../Engine/Plugins/FX/Niagara/Content/Enums/Transforms/ENiagara_TransformOrder.uasset" 937
"../../../Engine/Plugins/FX/Niagara/Content/Enums/Transforms/ENiagara_TransformOrder.uexp" 938
"../../../Engine/Plugins/FX/Niagara/Content/Enums/Location/ENiagaraRingDiscMode.uasset" 939
"../../../Engine/Plugins/FX/Niagara/Content/Enums/Location/ENiagaraRingDiscMode.uexp" 940
"../../../Engine/Plugins/FX/Niagara/Content/Enums/ENiagaraShapeTorusMode.uasset" 941
"../../../Engine/Plugins/FX/Niagara/Content/Enums/ENiagaraShapeTorusMode.uexp" 942
"../../../Engine/Plugins/FX/Niagara/Content/Enums/ENiagaraExpansionMode.uasset" 943
"../../../Engine/Plugins/FX/Niagara/Content/Enums/ENiagaraExpansionMode.uexp" 944
"../../../Engine/Plugins/FX/Niagara/Content/Enums/Transforms/ENiagara_TransformType.uasset" 945
"../../../Engine/Plugins/FX/Niagara/Content/Enums/Transforms/ENiagara_TransformType.uexp" 946
"../../../Engine/Plugins/FX/Niagara/Content/Icons/Modules/T_Icon_Particle_InfiniteLife.uasset" 947
"../../../Engine/Plugins/FX/Niagara/Content/Icons/Modules/T_Icon_Particle_InfiniteLife.uexp" 948
"../../../Engine/Plugins/FX/Niagara/Content/Enums/SpriteRenderer/ENiagara_ScaleSpriteSize.uasset" 949
"../../../Engine/Plugins/FX/Niagara/Content/Enums/SpriteRenderer/ENiagara_ScaleSpriteSize.uexp" 950
"../../../Engine/Plugins/FX/Niagara/Content/DefaultAssets/Templates/Systems/SimpleExplosion.uasset" 951
"../../../Engine/Plugins/FX/Niagara/Content/DefaultAssets/Templates/Systems/SimpleExplosion.uexp" 952
"../../../Engine/Content/BasicShapes/BasicShapeMaterial.uasset" 953
"../../../Engine/Content/BasicShapes/BasicShapeMaterial.uexp" 954
"F:/code/shooter.sb/Content/Material/Decals/impactdetail.uasset" 955
"F:/code/shooter.sb/Content/Material/Decals/impactdetail.uexp" 956
"F:/code/shooter.sb/Content/ExternalContentGame/Animations/DopANIM/Ch44_1001_Normal.ubulk" 957
"F:/code/shooter.sb/Content/ExternalContentGame/Animations/DopANIM/Ch44_1001_Normal.uasset" 958
"F:/code/shooter.sb/Content/ExternalContentGame/Animations/DopANIM/Ch44_1001_Normal.uexp" 959
"F:/code/shooter.sb/Content/Material/Decals/M_ImpactDecal.uasset" 960
"F:/code/shooter.sb/Content/Material/Decals/M_ImpactDecal.uexp" 961
"F:/code/shooter.sb/Content/Weapon/BP_SBProjectile.uasset" 962
"F:/code/shooter.sb/Content/Weapon/BP_SBProjectile.uexp" 963
"F:/code/shooter.sb/Content/UI/png/CROSSSHAIR_LAUNCHER.uasset" 964
"F:/code/shooter.sb/Content/UI/png/CROSSSHAIR_LAUNCHER.uexp" 965
"F:/code/shooter.sb/Content/Weapon/BP_SBLauncherWeapon.uasset" 966
"F:/code/shooter.sb/Content/Weapon/BP_SBLauncherWeapon.uexp" 967
"F:/code/shooter.sb/Content/VFX/BP_LegCamShake.uasset" 968
"F:/code/shooter.sb/Content/VFX/BP_LegCamShake.uexp" 969
"../../../Engine/Plugins/FX/Niagara/Content/Enums/ENiagaraSUbUVAnimationMode.uasset" 970
"../../../Engine/Plugins/FX/Niagara/Content/Enums/ENiagaraSUbUVAnimationMode.uexp" 971
"F:/code/shooter.sb/Content/ExternalContent/Effects/Textures/Spark/T_SparkCore_2X2.ubulk" 972
"F:/code/shooter.sb/Content/ExternalContent/Effects/Textures/Spark/T_SparkCore_2X2.uasset" 973
"F:/code/shooter.sb/Content/ExternalContent/Effects/Textures/Spark/T_SparkCore_2X2.uexp" 974
"F:/code/shooter.sb/Content/ExternalContent/Effects/Materials/spark/M_spark_subUV.uasset" 975
"F:/code/shooter.sb/Content/ExternalContent/Effects/Materials/spark/M_spark_subUV.uexp" 976
"../../../Engine/Plugins/FX/Niagara/Content/Enums/ENiagaraCollisionRadiusOptions.uasset" 977
"../../../Engine/Plugins/FX/Niagara/Content/Enums/ENiagaraCollisionRadiusOptions.uexp" 978
"F:/code/shooter.sb/Content/ExternalContent/Effects/Textures/LensFlare/Flare_02.ubulk" 979
"F:/code/shooter.sb/Content/ExternalContent/Effects/Textures/LensFlare/Flare_02.uasset" 980
"F:/code/shooter.sb/Content/ExternalContent/Effects/Textures/LensFlare/Flare_02.uexp" 981
"F:/code/shooter.sb/Content/ExternalContent/Effects/Materials/LensFlare/M_LensFlare_02.uasset" 982
"F:/code/shooter.sb/Content/ExternalContent/Effects/Materials/LensFlare/M_LensFlare_02.uexp" 983
"F:/code/shooter.sb/Content/ExternalContent/Effects/Textures/Water/T_Steam_02_Packed.ubulk" 984
"F:/code/shooter.sb/Content/ExternalContent/Effects/Textures/Water/T_Steam_02_Packed.uasset" 985
"F:/code/shooter.sb/Content/ExternalContent/Effects/Textures/Water/T_Steam_02_Packed.uexp" 986
"F:/code/shooter.sb/Content/ExternalContent/Effects/Materials/Smoke/M_MuzzleSmokeDetail_GPU.uasset" 987
"F:/code/shooter.sb/Content/ExternalContent/Effects/Materials/Smoke/M_MuzzleSmokeDetail_GPU.uexp" 988
"../../../Engine/Plugins/FX/Niagara/Content/Enums/ENiagaraMassByVolume.uasset" 989
"../../../Engine/Plugins/FX/Niagara/Content/Enums/ENiagaraMassByVolume.uexp" 990
"../../../Engine/Plugins/FX/Niagara/Content/Enums/ENiagaraFrictionMergeType.uasset" 991
"../../../Engine/Plugins/FX/Niagara/Content/Enums/ENiagaraFrictionMergeType.uexp" 992
"../../../Engine/Plugins/FX/Niagara/Content/Enums/ENiagara_GPUCollisionType.uasset" 993
"../../../Engine/Plugins/FX/Niagara/Content/Enums/ENiagara_GPUCollisionType.uexp" 994
"../../../Engine/Plugins/FX/Niagara/Content/Enums/ENiagaraCalculateRadiusOptions.uasset" 995
"../../../Engine/Plugins/FX/Niagara/Content/Enums/ENiagaraCalculateRadiusOptions.uexp" 996
"F:/code/shooter.sb/Content/ExternalContent/Effects/Materials/Ramp/M_radial_ramp_soft.uasset" 997
"F:/code/shooter.sb/Content/ExternalContent/Effects/Materials/Ramp/M_radial_ramp_soft.uexp" 998
"../../../Engine/Plugins/FX/Niagara/Content/Enums/ENiagara_CPUCollisionType.uasset" 999
"../../../Engine/Plugins/FX/Niagara/Content/Enums/ENiagara_CPUCollisionType.uexp" 1000
"../../../Engine/Plugins/FX/Niagara/Content/Enums/ENiagaraRestitutionMergeType.uasset" 1001
"../../../Engine/Plugins/FX/Niagara/Content/Enums/ENiagaraRestitutionMergeType.uexp" 1002
"../../../Engine/Plugins/FX/Niagara/Content/Enums/ENiagara_Float4Channel.uasset" 1003
"../../../Engine/Plugins/FX/Niagara/Content/Enums/ENiagara_Float4Channel.uexp" 1004
"F:/code/shooter.sb/Content/ExternalContent/Effects/Textures/Smoke/T_SmokeBall_01_8_8.ubulk" 1005
"F:/code/shooter.sb/Content/ExternalContent/Effects/Textures/Smoke/T_SmokeBall_01_8_8.uasset" 1006
"F:/code/shooter.sb/Content/ExternalContent/Effects/Textures/Smoke/T_SmokeBall_01_8_8.uexp" 1007
"F:/code/shooter.sb/Content/ExternalContent/Effects/Textures/Smoke/T_Clouds_01.ubulk" 1008
"F:/code/shooter.sb/Content/ExternalContent/Effects/Textures/Smoke/T_Clouds_01.uasset" 1009
"F:/code/shooter.sb/Content/ExternalContent/Effects/Textures/Smoke/T_Clouds_01.uexp" 1010
"F:/code/shooter.sb/Content/ExternalContent/Effects/Materials/Smoke/M_ImpactSmoke.uasset" 1011
"F:/code/shooter.sb/Content/ExternalContent/Effects/Materials/Smoke/M_ImpactSmoke.uexp" 1012
"F:/code/shooter.sb/Content/VFX/Impacts/NS_RifleHeadImpact.uasset" 1013
"F:/code/shooter.sb/Content/VFX/Impacts/NS_RifleHeadImpact.uexp" 1014
"F:/code/shooter.sb/Content/GUN/Gun254_Skeleton.uasset" 1015
"F:/code/shooter.sb/Content/GUN/Gun254_Skeleton.uexp" 1016
"../../../Engine/Content/MapTemplates/TilingNoise05.ubulk" 1017
"../../../Engine/Content/MapTemplates/TilingNoise05.uasset" 1018
"../../../Engine/Content/MapTemplates/TilingNoise05.uexp" 1019
"../../../Engine/Content/ArtTools/RenderToTexture/Textures/127grey.uasset" 1020
"../../../Engine/Content/ArtTools/RenderToTexture/Textures/127grey.uexp" 1021
"F:/code/shooter.sb/Content/GUN/M_gun254.uasset" 1022
"F:/code/shooter.sb/Content/GUN/M_gun254.uexp" 1023
"F:/code/shooter.sb/Content/GUN/M_gun254_Inst.uasset" 1024
"F:/code/shooter.sb/Content/GUN/M_gun254_Inst.uexp" 1025
"F:/code/shooter.sb/Content/GUN/Gun254.uasset" 1026
"F:/code/shooter.sb/Content/GUN/Gun254.uexp" 1027
"F:/code/shooter.sb/Content/VFX/Impacts/NS_RifleBodyImpact.uasset" 1028
"F:/code/shooter.sb/Content/VFX/Impacts/NS_RifleBodyImpact.uexp" 1029
"F:/code/shooter.sb/Content/VFX/Muzzles/NS_RifleMuzzle.uasset" 1030
"F:/code/shooter.sb/Content/VFX/Muzzles/NS_RifleMuzzle.uexp" 1031
"F:/code/shooter.sb/Content/VFX/Impacts/NS_RifleGroundmpact.uasset" 1032
"F:/code/shooter.sb/Content/VFX/Impacts/NS_RifleGroundmpact.uexp" 1033
"F:/code/shooter.sb/Content/UI/Images/RifleCrossHair.uasset" 1034
"F:/code/shooter.sb/Content/UI/Images/RifleCrossHair.uexp" 1035
"F:/code/shooter.sb/Content/VFX/Impacts/NS_RifleDefaultImpact.uasset" 1036
"F:/code/shooter.sb/Content/VFX/Impacts/NS_RifleDefaultImpact.uexp" 1037
"F:/code/shooter.sb/Content/UI/Images/Riffle.uasset" 1038
"F:/code/shooter.sb/Content/UI/Images/Riffle.uexp" 1039
"F:/code/shooter.sb/Content/PhysMaterials/PhysMat_Ground.uasset" 1040
"F:/code/shooter.sb/Content/PhysMaterials/PhysMat_Ground.uexp" 1041
"../../../Engine/Plugins/FX/Niagara/Content/DefaultAssets/DefaultRIbbonMaterial.uasset" 1042
"../../../Engine/Plugins/FX/Niagara/Content/DefaultAssets/DefaultRIbbonMaterial.uexp" 1043
"F:/code/shooter.sb/Content/VFX/Trace/Rifle/NS_RifleBeam.uasset" 1044
"F:/code/shooter.sb/Content/VFX/Trace/Rifle/NS_RifleBeam.uexp" 1045
"F:/code/shooter.sb/Content/Weapon/BP_SBRiffleWeapon.uasset" 1046
"F:/code/shooter.sb/Content/Weapon/BP_SBRiffleWeapon.uexp" 1047
"F:/code/shooter.sb/Content/SBPlayer/BP_SBBaseCharacter.uasset" 1048
"F:/code/shooter.sb/Content/SBPlayer/BP_SBBaseCharacter.uexp" 1049
"F:/code/shooter.sb/Content/UI/Fonts/trygtrsk/TRYGrtsk-BoldMega-BF64265523e2a0f.uexp" 1050
"F:/code/shooter.sb/Content/UI/Fonts/trygtrsk/TRYGrtsk-BoldMega-BF64265523e2a0f.uasset" 1051
"F:/code/shooter.sb/Content/UI/Fonts/trygtrsk/TRYGrtsk-BoldMega-BF64265523e2a0f.ufont" 1052
"F:/code/shooter.sb/Content/UI/Fonts/trygtrsk/TRYGrtsk-BoldMega-BF64265523e2a0f_Font.uasset" 1053
"F:/code/shooter.sb/Content/UI/Fonts/trygtrsk/TRYGrtsk-BoldMega-BF64265523e2a0f_Font.uexp" 1054
"F:/code/shooter.sb/Content/UI/Fonts/Morganite-Black.uexp" 1055
"F:/code/shooter.sb/Content/UI/Fonts/Morganite-Black.uasset" 1056
"F:/code/shooter.sb/Content/UI/Fonts/Morganite-Black.ufont" 1057
"F:/code/shooter.sb/Content/UI/Fonts/Morganite-Black_Font.uasset" 1058
"F:/code/shooter.sb/Content/UI/Fonts/Morganite-Black_Font.uexp" 1059
"F:/code/shooter.sb/Content/UI/WBP_SettingsMenu.uasset" 1060
"F:/code/shooter.sb/Content/UI/WBP_SettingsMenu.uexp" 1061
"F:/code/shooter.sb/Content/UI/Fonts/trygtrsk/TRYGrtsk-BoldMegaBackslant-BF6426552406d02.uexp" 1062
"F:/code/shooter.sb/Content/UI/Fonts/trygtrsk/TRYGrtsk-BoldMegaBackslant-BF6426552406d02.uasset" 1063
"F:/code/shooter.sb/Content/UI/Fonts/trygtrsk/TRYGrtsk-BoldMegaBackslant-BF6426552406d02.ufont" 1064
"F:/code/shooter.sb/Content/UI/Fonts/trygtrsk/TRYGrtsk-BoldMegaBackslant-BF6426552406d02_Font.uasset" 1065
"F:/code/shooter.sb/Content/UI/Fonts/trygtrsk/TRYGrtsk-BoldMegaBackslant-BF6426552406d02_Font.uexp" 1066
"F:/code/shooter.sb/Content/UI/Fonts/trygtrsk/TRYGrtsk-BoldExa-BF64265523d4281.uexp" 1067
"F:/code/shooter.sb/Content/UI/Fonts/trygtrsk/TRYGrtsk-BoldExa-BF64265523d4281.uasset" 1068
"F:/code/shooter.sb/Content/UI/Fonts/trygtrsk/TRYGrtsk-BoldExa-BF64265523d4281.ufont" 1069
"F:/code/shooter.sb/Content/UI/Fonts/trygtrsk/TRYGrtsk-BoldExa-BF64265523d4281_Font.uasset" 1070
"F:/code/shooter.sb/Content/UI/Fonts/trygtrsk/TRYGrtsk-BoldExa-BF64265523d4281_Font.uexp" 1071
"F:/code/shooter.sb/Content/UI/Fonts/ValasmSlicedDemo.uexp" 1072
"F:/code/shooter.sb/Content/UI/Fonts/ValasmSlicedDemo.uasset" 1073
"F:/code/shooter.sb/Content/UI/Fonts/ValasmSlicedDemo.ufont" 1074
"F:/code/shooter.sb/Content/UI/Fonts/ValasmSlicedDemo_Font.uasset" 1075
"F:/code/shooter.sb/Content/UI/Fonts/ValasmSlicedDemo_Font.uexp" 1076
"F:/code/shooter.sb/Content/MSPresets/M_MS_Glass_Material/Textures/White.ubulk" 1077
"F:/code/shooter.sb/Content/MSPresets/M_MS_Glass_Material/Textures/White.uasset" 1078
"F:/code/shooter.sb/Content/MSPresets/M_MS_Glass_Material/Textures/White.uexp" 1079
"F:/code/shooter.sb/Content/UI/MaterialHUD/M_widgetFonts.uasset" 1080
"F:/code/shooter.sb/Content/UI/MaterialHUD/M_widgetFonts.uexp" 1081
"F:/code/shooter.sb/Content/UI/MaterialHUD/M_widgetFonts_Inst.uasset" 1082
"F:/code/shooter.sb/Content/UI/MaterialHUD/M_widgetFonts_Inst.uexp" 1083
"F:/code/shooter.sb/Content/Menu/Images/Frame.uasset" 1084
"F:/code/shooter.sb/Content/Menu/Images/Frame.uexp" 1085
"F:/code/shooter.sb/Content/UI/WBP_LevelItem.uasset" 1086
"F:/code/shooter.sb/Content/UI/WBP_LevelItem.uexp" 1087
"F:/code/shooter.sb/Content/UI/MaterialHUD/M_widgetFonsMenu.uasset" 1088
"F:/code/shooter.sb/Content/UI/MaterialHUD/M_widgetFonsMenu.uexp" 1089
"F:/code/shooter.sb/Content/Menu/UI/WBP_Menu.uasset" 1090
"F:/code/shooter.sb/Content/Menu/UI/WBP_Menu.uexp" 1091
"F:/code/shooter.sb/Content/Menu/UI/BP_SBMenuHUD.uasset" 1092
"F:/code/shooter.sb/Content/Menu/UI/BP_SBMenuHUD.uexp" 1093
"F:/code/shooter.sb/Content/Menu/BP_SBMenuGameModeBase.uasset" 1094
"F:/code/shooter.sb/Content/Menu/BP_SBMenuGameModeBase.uexp" 1095
"F:/code/shooter.sb/Content/Menu/MenuLVL.uexp" 1096
"F:/code/shooter.sb/Content/Menu/MenuLVL.umap" 1097
"../../../Engine/Content/Maps/Entry_BuiltData.uasset" 1098
"../../../Engine/Content/Maps/Entry_BuiltData.uexp" 1099
"../../../Engine/Content/Maps/Entry.uexp" 1100
"../../../Engine/Content/Maps/Entry.umap" 1101
